#
# There is insufficient memory for the Java Runtime Environment to continue.
# Native memory allocation (mmap) failed to map 118489088 bytes for committing reserved memory.
# Possible reasons:
#   The system is out of physical RAM or swap space
#   The process is running with CompressedOops enabled, and the Java Heap may be blocking the growth of the native heap
# Possible solutions:
#   Reduce memory load on the system
#   Increase physical memory or swap space
#   Check if swap backing store is full
#   Decrease Java heap size (-Xmx/-Xms)
#   Decrease number of Java threads
#   Decrease Java thread stack sizes (-Xss)
#   Set larger code cache with -XX:ReservedCodeCacheSize=
#   JVM is running with Unscaled Compressed Oops mode in which the Java heap is
#     placed in the first 4GB address space. The Java Heap base address is the
#     maximum limit for the native heap growth. Please use -XX:HeapBaseMinAddress
#     to set the Java Heap base and to place the Java Heap above 4GB virtual address.
# This output file may be truncated or incomplete.
#
#  Out of Memory Error (os_linux.cpp:2706), pid=6527, tid=6540
#
# JRE version: OpenJDK Runtime Environment (10.0.2+13) (build 10.0.2+13-Ubuntu-1ubuntu0.18.04.2)
# Java VM: OpenJDK 64-Bit Server VM (10.0.2+13-Ubuntu-1ubuntu0.18.04.2, mixed mode, tiered, compressed oops, g1 gc, linux-amd64)
# Core dump will be written. Default location: Core dumps may be processed with "/usr/share/apport/apport %p %s %c %d %P" (or dumping to /home/rfulop/workspace/ColloquyUI/core.6527)
#

---------------  S U M M A R Y ------------

Command Line: --add-modules=ALL-SYSTEM --add-opens=java.base/java.util=ALL-UNNAMED --add-opens=java.base/java.lang=ALL-UNNAMED -Declipse.application=org.eclipse.jdt.ls.core.id1 -Dosgi.bundles.defaultStartLevel=4 -Declipse.product=org.eclipse.jdt.ls.core.product -Xverify:none -Xmx1G -XX:+UseG1GC -XX:+UseStringDeduplication /home/rfulop/.vscode/extensions/redhat.java-0.32.0/server/plugins/org.eclipse.equinox.launcher_1.5.200.v20180922-1751.jar -configuration /home/rfulop/.vscode/extensions/redhat.java-0.32.0/server/config_linux -data /home/rfulop/.config/Code/User/workspaceStorage/f411891e0b39e6d1cb114fd9b4229fa7/redhat.java/jdt_ws

Host: Intel(R) Celeron(R) CPU  N2840  @ 2.16GHz, 2 cores, 1G, Ubuntu 18.04.1 LTS
Time: Sat Oct 13 23:26:23 2018 EDT elapsed time: 58 seconds (0d 0h 0m 58s)

---------------  T H R E A D  ---------------

Current thread (0x00007fe07410e000):  VMThread "VM Thread" [stack: 0x00007fe078605000,0x00007fe078705000] [id=6540]

Stack: [0x00007fe078605000,0x00007fe078705000],  sp=0x00007fe0787030a0,  free space=1016k
Native frames: (J=compiled Java code, A=aot compiled Java code, j=interpreted, Vv=VM code, C=native code)
V  [libjvm.so+0xd27e04]
V  [libjvm.so+0xd289ab]
V  [libjvm.so+0x64d415]
V  [libjvm.so+0xb2d728]
V  [libjvm.so+0xb25f7d]
V  [libjvm.so+0x7662ff]
V  [libjvm.so+0x76653e]
V  [libjvm.so+0x769500]
V  [libjvm.so+0x7efa1c]
V  [libjvm.so+0x7f06df]
V  [libjvm.so+0x7f0b59]
V  [libjvm.so+0x7162cf]
V  [libjvm.so+0x71a3ba]
V  [libjvm.so+0xd39f68]
V  [libjvm.so+0xd387d1]
V  [libjvm.so+0xd35a9b]
V  [libjvm.so+0xd370be]
V  [libjvm.so+0xd374e8]
V  [libjvm.so+0xb33ca0]

VM_Operation (0x00007fe01fafa5e0): G1IncCollectionPause, mode: safepoint, requested by thread 0x00007fe054018000


---------------  P R O C E S S  ---------------

Threads class SMR info:
_java_thread_list=0x00007fe0300c5630, length=24, elements={
0x00007fe074012800, 0x00007fe074117800, 0x00007fe074119800, 0x00007fe07412e000,
0x00007fe07412f800, 0x00007fe074131800, 0x00007fe074133800, 0x00007fe0741a2000,
0x00007fe074211000, 0x00007fe0742f1800, 0x00007fe0743f2000, 0x00007fe074429800,
0x00007fe07442d800, 0x00007fe074334800, 0x00007fe03026a000, 0x00007fe0300c6000,
0x00007fe03034d800, 0x00007fe040007000, 0x00007fe03053d000, 0x00007fe050001800,
0x00007fe07432d800, 0x00007fe054018000, 0x00007fe0745cc800, 0x00007fe040039800
}

Java Threads: ( => current thread )
  0x00007fe074012800 JavaThread "main" [_thread_blocked, id=6528, stack(0x00007fe07d757000,0x00007fe07d858000)]
  0x00007fe074117800 JavaThread "Reference Handler" daemon [_thread_blocked, id=6547, stack(0x00007fe078502000,0x00007fe078603000)]
  0x00007fe074119800 JavaThread "Finalizer" daemon [_thread_blocked, id=6548, stack(0x00007fe078401000,0x00007fe078502000)]
  0x00007fe07412e000 JavaThread "Signal Dispatcher" daemon [_thread_blocked, id=6549, stack(0x00007fe078300000,0x00007fe078401000)]
  0x00007fe07412f800 JavaThread "C2 CompilerThread0" daemon [_thread_blocked, id=6550, stack(0x00007fe0781ff000,0x00007fe078300000)]
  0x00007fe074131800 JavaThread "C1 CompilerThread1" daemon [_thread_blocked, id=6551, stack(0x00007fe0780fe000,0x00007fe0781ff000)]
  0x00007fe074133800 JavaThread "Sweeper thread" daemon [_thread_blocked, id=6552, stack(0x00007fe058856000,0x00007fe058957000)]
  0x00007fe0741a2000 JavaThread "Common-Cleaner" daemon [_thread_blocked, id=6553, stack(0x00007fe058755000,0x00007fe058856000)]
  0x00007fe074211000 JavaThread "Service Thread" daemon [_thread_blocked, id=6554, stack(0x00007fe058654000,0x00007fe058755000)]
  0x00007fe0742f1800 JavaThread "process reaper" daemon [_thread_blocked, id=6560, stack(0x00007fe07d69a000,0x00007fe07d6bc000)]
  0x00007fe0743f2000 JavaThread "Active Thread: Equinox Container: 9ba38d74-c6de-4a2b-b1e1-cfbf1665d65d" [_thread_blocked, id=6561, stack(0x00007fe058027000,0x00007fe058128000)]
  0x00007fe074429800 JavaThread "Framework Event Dispatcher: Equinox Container: 9ba38d74-c6de-4a2b-b1e1-cfbf1665d65d" daemon [_thread_blocked, id=6562, stack(0x00007fe049aff000,0x00007fe049c00000)]
  0x00007fe07442d800 JavaThread "Start Level: Equinox Container: 9ba38d74-c6de-4a2b-b1e1-cfbf1665d65d" daemon [_thread_blocked, id=6563, stack(0x00007fe0499fe000,0x00007fe049aff000)]
  0x00007fe074334800 JavaThread "Refresh Thread: Equinox Container: 9ba38d74-c6de-4a2b-b1e1-cfbf1665d65d" daemon [_thread_blocked, id=6565, stack(0x00007fe0498fd000,0x00007fe0499fe000)]
  0x00007fe03026a000 JavaThread "Worker-JM" [_thread_blocked, id=6567, stack(0x00007fe0491eb000,0x00007fe0492ec000)]
  0x00007fe0300c6000 JavaThread "Worker-0" [_thread_blocked, id=6568, stack(0x00007fe048eea000,0x00007fe048feb000)]
  0x00007fe03034d800 JavaThread "Java indexing" daemon [_thread_blocked, id=6569, stack(0x00007fe0489e9000,0x00007fe048aea000)]
  0x00007fe040007000 JavaThread "Worker-1: Java indexing... " [_thread_blocked, id=6570, stack(0x00007fe0488e8000,0x00007fe0489e9000)]
  0x00007fe03053d000 JavaThread "Bundle File Closer" daemon [_thread_blocked, id=6571, stack(0x00007fe0487e7000,0x00007fe0488e8000)]
  0x00007fe050001800 JavaThread "Worker-2" [_thread_blocked, id=6575, stack(0x00007fe0480e6000,0x00007fe0481e7000)]
  0x00007fe07432d800 JavaThread "pool-2-thread-1" [_thread_blocked, id=6578, stack(0x00007fe01faff000,0x00007fe01fc00000)]
  0x00007fe054018000 JavaThread "Worker-3: Initialize Workspace" [_thread_blocked, id=6580, stack(0x00007fe01f9fe000,0x00007fe01faff000)]
  0x00007fe0745cc800 JavaThread "pool-1-thread-1" [_thread_blocked, id=6585, stack(0x00007fe01f4fd000,0x00007fe01f5fe000)]
  0x00007fe040039800 JavaThread "Worker-4" [_thread_blocked, id=6639, stack(0x00007fe01eece000,0x00007fe01efcf000)]

Other Threads:
=>0x00007fe07410e000 VMThread "VM Thread" [stack: 0x00007fe078605000,0x00007fe078705000] [id=6540]
  0x00007fe074213000 WatcherThread [stack: 0x00007fe058554000,0x00007fe058654000] [id=6555]
  0x00007fe074028800 GCTaskThread "GC Thread#0" [stack: 0x00007fe07988f000,0x00007fe07998f000] [id=6529]
  0x00007fe07402a000 GCTaskThread "GC Thread#1" [stack: 0x00007fe07978d000,0x00007fe07988d000] [id=6530]
  0x00007fe074064000 ConcurrentGCThread "G1 Main Marker" [stack: 0x00007fe078e89000,0x00007fe078f89000] [id=6531]
  0x00007fe074065800 ConcurrentGCThread "G1 Conc#0" [stack: 0x00007fe078d87000,0x00007fe078e87000] [id=6532]
  0x00007fe07407f800 ConcurrentGCThread "G1 Refine#0" [stack: 0x00007fe078a83000,0x00007fe078b83000] [id=6533]
  0x00007fe074081000 ConcurrentGCThread "G1 Refine#1" [stack: 0x00007fe078981000,0x00007fe078a81000] [id=6534]
  0x00007fe074083000 ConcurrentGCThread "G1 Young RemSet Sampling" [stack: 0x00007fe07887f000,0x00007fe07897f000] [id=6535]
  0x00007fe074089800 ConcurrentGCThread "G1 StrDedup" [stack: 0x00007fe07877d000,0x00007fe07887d000] [id=6536]

Threads with active compile tasks:
C2 CompilerThread05855 %     4       java.lang.StringLatin1::toLowerCase @ 18 (180 bytes)
C1 CompilerThread16378       2       org.apache.maven.model.io.xpp3.MavenXpp3Reader::parseDeveloper (497 bytes)

VM state:at safepoint (normal execution)

VM Mutex/Monitor currently owned by a thread:  ([mutex/lock_event])
[0x00007fe07400ea60] Threads_lock - owner thread: 0x00007fe07410e000
[0x00007fe07400f000] Heap_lock - owner thread: 0x00007fe054018000

Heap address: 0x00000000c0000000, size: 1024 MB, Compressed Oops mode: 32-bit
Narrow klass base: 0x0000000000000000, Narrow klass shift: 3
Compressed class space size: 1073741824 Address: 0x0000000100000000

Heap:
 garbage-first heap   total 339968K, used 76800K [0x00000000c0000000, 0x0000000100000000)
  region size 1024K, 5 young (5120K), 5 survivors (5120K)
 Metaspace       used 48721K, capacity 51093K, committed 51400K, reserved 1095680K
  class space    used 4671K, capacity 5518K, committed 5580K, reserved 1048576K
Heap Regions: E=young(eden), S=young(survivor), O=old, HS=humongous(starts), HC=humongous(continues), CS=collection set, F=free, A=archive, TS=gc time stamp, AC=allocation context, TAMS=top-at-mark-start (previous, next)
|   0|0x00000000c0000000, 0x00000000c0100000, 0x00000000c0100000|100%| O|  |TS  0|AC  0|TAMS 0x00000000c0100000, 0x00000000c0100000|
|   1|0x00000000c0100000, 0x00000000c0200000, 0x00000000c0200000|100%| O|  |TS  0|AC  0|TAMS 0x00000000c0200000, 0x00000000c0200000|
|   2|0x00000000c0200000, 0x00000000c0300000, 0x00000000c0300000|100%| O|  |TS  0|AC  0|TAMS 0x00000000c0300000, 0x00000000c0300000|
|   3|0x00000000c0300000, 0x00000000c0400000, 0x00000000c0400000|100%| O|  |TS  0|AC  0|TAMS 0x00000000c0400000, 0x00000000c0400000|
|   4|0x00000000c0400000, 0x00000000c0500000, 0x00000000c0500000|100%| O|  |TS  0|AC  0|TAMS 0x00000000c0500000, 0x00000000c0500000|
|   5|0x00000000c0500000, 0x00000000c0600000, 0x00000000c0600000|100%| O|  |TS  0|AC  0|TAMS 0x00000000c0600000, 0x00000000c0600000|
|   6|0x00000000c0600000, 0x00000000c0700000, 0x00000000c0700000|100%| O|  |TS  0|AC  0|TAMS 0x00000000c0700000, 0x00000000c0700000|
|   7|0x00000000c0700000, 0x00000000c0800000, 0x00000000c0800000|100%| O|  |TS  0|AC  0|TAMS 0x00000000c0800000, 0x00000000c0800000|
|   8|0x00000000c0800000, 0x00000000c0900000, 0x00000000c0900000|100%| O|  |TS  0|AC  0|TAMS 0x00000000c0900000, 0x00000000c0900000|
|   9|0x00000000c0900000, 0x00000000c0a00000, 0x00000000c0a00000|100%| O|  |TS  0|AC  0|TAMS 0x00000000c0a00000, 0x00000000c0a00000|
|  10|0x00000000c0a00000, 0x00000000c0b00000, 0x00000000c0b00000|100%| O|  |TS  0|AC  0|TAMS 0x00000000c0b00000, 0x00000000c0b00000|
|  11|0x00000000c0b00000, 0x00000000c0c00000, 0x00000000c0c00000|100%| O|  |TS  0|AC  0|TAMS 0x00000000c0c00000, 0x00000000c0c00000|
|  12|0x00000000c0c00000, 0x00000000c0d00000, 0x00000000c0d00000|100%| O|  |TS  0|AC  0|TAMS 0x00000000c0d00000, 0x00000000c0d00000|
|  13|0x00000000c0d00000, 0x00000000c0e00000, 0x00000000c0e00000|100%| O|  |TS  0|AC  0|TAMS 0x00000000c0e00000, 0x00000000c0e00000|
|  14|0x00000000c0e00000, 0x00000000c0f00000, 0x00000000c0f00000|100%| O|  |TS  0|AC  0|TAMS 0x00000000c0f00000, 0x00000000c0f00000|
|  15|0x00000000c0f00000, 0x00000000c1000000, 0x00000000c1000000|100%| O|  |TS  0|AC  0|TAMS 0x00000000c1000000, 0x00000000c1000000|
|  16|0x00000000c1000000, 0x00000000c1100000, 0x00000000c1100000|100%| O|  |TS  0|AC  0|TAMS 0x00000000c1100000, 0x00000000c1100000|
|  17|0x00000000c1100000, 0x00000000c1200000, 0x00000000c1200000|100%| O|  |TS  0|AC  0|TAMS 0x00000000c1200000, 0x00000000c1200000|
|  18|0x00000000c1200000, 0x00000000c1300000, 0x00000000c1300000|100%| O|  |TS  1|AC  0|TAMS 0x00000000c1248800, 0x00000000c1248800|
|  19|0x00000000c1300000, 0x00000000c1400000, 0x00000000c1400000|100%| O|  |TS  3|AC  0|TAMS 0x00000000c1300000, 0x00000000c1300000|
|  20|0x00000000c1400000, 0x00000000c1500000, 0x00000000c1500000|100%| O|  |TS  3|AC  0|TAMS 0x00000000c1400000, 0x00000000c1400000|
|  21|0x00000000c1500000, 0x00000000c1600000, 0x00000000c1600000|100%| O|  |TS  3|AC  0|TAMS 0x00000000c1500000, 0x00000000c1500000|
|  22|0x00000000c1600000, 0x00000000c1700000, 0x00000000c1700000|100%| O|  |TS  4|AC  0|TAMS 0x00000000c1600000, 0x00000000c1600000|
|  23|0x00000000c1700000, 0x00000000c1800000, 0x00000000c1800000|100%| O|  |TS  4|AC  0|TAMS 0x00000000c1700000, 0x00000000c1700000|
|  24|0x00000000c1800000, 0x00000000c1900000, 0x00000000c1900000|100%| O|  |TS  5|AC  0|TAMS 0x00000000c1800000, 0x00000000c1800000|
|  25|0x00000000c1900000, 0x00000000c1a00000, 0x00000000c1a00000|100%| O|  |TS  5|AC  0|TAMS 0x00000000c1900000, 0x00000000c1900000|
|  26|0x00000000c1a00000, 0x00000000c1b00000, 0x00000000c1b00000|100%| O|  |TS  7|AC  0|TAMS 0x00000000c1a00000, 0x00000000c1a00000|
|  27|0x00000000c1b00000, 0x00000000c1c00000, 0x00000000c1c00000|100%| O|  |TS  7|AC  0|TAMS 0x00000000c1b00000, 0x00000000c1b00000|
|  28|0x00000000c1c00000, 0x00000000c1d00000, 0x00000000c1d00000|100%| O|  |TS  7|AC  0|TAMS 0x00000000c1c00000, 0x00000000c1c00000|
|  29|0x00000000c1d00000, 0x00000000c1e00000, 0x00000000c1e00000|100%| O|  |TS  7|AC  0|TAMS 0x00000000c1d00000, 0x00000000c1d00000|
|  30|0x00000000c1e00000, 0x00000000c1f00000, 0x00000000c1f00000|100%| O|  |TS  8|AC  0|TAMS 0x00000000c1e00000, 0x00000000c1e00000|
|  31|0x00000000c1f00000, 0x00000000c2000000, 0x00000000c2000000|100%| O|  |TS  8|AC  0|TAMS 0x00000000c1f00000, 0x00000000c1f00000|
|  32|0x00000000c2000000, 0x00000000c2100000, 0x00000000c2100000|100%| O|  |TS  9|AC  0|TAMS 0x00000000c2000000, 0x00000000c2000000|
|  33|0x00000000c2100000, 0x00000000c2200000, 0x00000000c2200000|100%|HS|  |TS  1|AC  0|TAMS 0x00000000c2100000, 0x00000000c2100000|
|  34|0x00000000c2200000, 0x00000000c2300000, 0x00000000c2300000|100%| O|  |TS  9|AC  0|TAMS 0x00000000c2200000, 0x00000000c2200000|
|  35|0x00000000c2300000, 0x00000000c2400000, 0x00000000c2400000|100%| O|  |TS  9|AC  0|TAMS 0x00000000c2300000, 0x00000000c2300000|
|  36|0x00000000c2400000, 0x00000000c2500000, 0x00000000c2500000|100%| O|  |TS 10|AC  0|TAMS 0x00000000c2400000, 0x00000000c2400000|
|  37|0x00000000c2500000, 0x00000000c2600000, 0x00000000c2600000|100%| O|  |TS 10|AC  0|TAMS 0x00000000c2500000, 0x00000000c2500000|
|  38|0x00000000c2600000, 0x00000000c2700000, 0x00000000c2700000|100%| O|  |TS 10|AC  0|TAMS 0x00000000c2600000, 0x00000000c2600000|
|  39|0x00000000c2700000, 0x00000000c2800000, 0x00000000c2800000|100%| O|  |TS 11|AC  0|TAMS 0x00000000c2700000, 0x00000000c2700000|
|  40|0x00000000c2800000, 0x00000000c2900000, 0x00000000c2900000|100%| O|  |TS 11|AC  0|TAMS 0x00000000c2800000, 0x00000000c2800000|
|  41|0x00000000c2900000, 0x00000000c2a00000, 0x00000000c2a00000|100%| O|  |TS 11|AC  0|TAMS 0x00000000c2900000, 0x00000000c2900000|
|  42|0x00000000c2a00000, 0x00000000c2b00000, 0x00000000c2b00000|100%| O|  |TS 12|AC  0|TAMS 0x00000000c2a00000, 0x00000000c2a00000|
|  43|0x00000000c2b00000, 0x00000000c2c00000, 0x00000000c2c00000|100%| O|  |TS 12|AC  0|TAMS 0x00000000c2b00000, 0x00000000c2b00000|
|  44|0x00000000c2c00000, 0x00000000c2d00000, 0x00000000c2d00000|100%| O|  |TS 12|AC  0|TAMS 0x00000000c2c00000, 0x00000000c2c00000|
|  45|0x00000000c2d00000, 0x00000000c2e00000, 0x00000000c2e00000|100%| O|  |TS 12|AC  0|TAMS 0x00000000c2d00000, 0x00000000c2d00000|
|  46|0x00000000c2e00000, 0x00000000c2f00000, 0x00000000c2f00000|100%| O|  |TS 13|AC  0|TAMS 0x00000000c2e00000, 0x00000000c2e00000|
|  47|0x00000000c2f00000, 0x00000000c3000000, 0x00000000c3000000|100%| O|  |TS 13|AC  0|TAMS 0x00000000c2f00000, 0x00000000c2f00000|
|  48|0x00000000c3000000, 0x00000000c3100000, 0x00000000c3100000|100%| O|  |TS 13|AC  0|TAMS 0x00000000c3000000, 0x00000000c3000000|
|  49|0x00000000c3100000, 0x00000000c3200000, 0x00000000c3200000|100%| O|  |TS 14|AC  0|TAMS 0x00000000c3100000, 0x00000000c3100000|
|  50|0x00000000c3200000, 0x00000000c3300000, 0x00000000c3300000|100%|HS|  |TS  5|AC  0|TAMS 0x00000000c3200000, 0x00000000c3200000|
|  51|0x00000000c3300000, 0x00000000c3400000, 0x00000000c3400000|100%| O|  |TS 14|AC  0|TAMS 0x00000000c3300000, 0x00000000c3300000|
|  52|0x00000000c3400000, 0x00000000c3500000, 0x00000000c3500000|100%| O|  |TS 14|AC  0|TAMS 0x00000000c3400000, 0x00000000c3400000|
|  53|0x00000000c3500000, 0x00000000c3600000, 0x00000000c3600000|100%| O|  |TS 14|AC  0|TAMS 0x00000000c3500000, 0x00000000c3500000|
|  54|0x00000000c3600000, 0x00000000c3700000, 0x00000000c3700000|100%| O|  |TS 14|AC  0|TAMS 0x00000000c3600000, 0x00000000c3600000|
|  55|0x00000000c3700000, 0x00000000c3800000, 0x00000000c3800000|100%| O|  |TS 15|AC  0|TAMS 0x00000000c3700000, 0x00000000c3700000|
|  56|0x00000000c3800000, 0x00000000c3900000, 0x00000000c3900000|100%| O|  |TS 15|AC  0|TAMS 0x00000000c3800000, 0x00000000c3800000|
|  57|0x00000000c3900000, 0x00000000c3a00000, 0x00000000c3a00000|100%| O|  |TS 15|AC  0|TAMS 0x00000000c3900000, 0x00000000c3900000|
|  58|0x00000000c3a00000, 0x00000000c3b00000, 0x00000000c3b00000|100%| O|  |TS 16|AC  0|TAMS 0x00000000c3a00000, 0x00000000c3a00000|
|  59|0x00000000c3b00000, 0x00000000c3c00000, 0x00000000c3c00000|100%| O|  |TS 16|AC  0|TAMS 0x00000000c3b00000, 0x00000000c3b00000|
|  60|0x00000000c3c00000, 0x00000000c3d00000, 0x00000000c3d00000|100%| O|  |TS 17|AC  0|TAMS 0x00000000c3c00000, 0x00000000c3c00000|
|  61|0x00000000c3d00000, 0x00000000c3e00000, 0x00000000c3e00000|100%| O|  |TS 17|AC  0|TAMS 0x00000000c3d00000, 0x00000000c3d00000|
|  62|0x00000000c3e00000, 0x00000000c3f00000, 0x00000000c3f00000|100%| O|  |TS 17|AC  0|TAMS 0x00000000c3e00000, 0x00000000c3e00000|
|  63|0x00000000c3f00000, 0x00000000c4000000, 0x00000000c4000000|100%| O|  |TS 17|AC  0|TAMS 0x00000000c3f00000, 0x00000000c3f00000|
|  64|0x00000000c4000000, 0x00000000c4100000, 0x00000000c4100000|100%| O|  |TS 17|AC  0|TAMS 0x00000000c4000000, 0x00000000c4000000|
|  65|0x00000000c4100000, 0x00000000c4200000, 0x00000000c4200000|100%| O|  |TS 17|AC  0|TAMS 0x00000000c4100000, 0x00000000c4100000|
|  66|0x00000000c4200000, 0x00000000c4300000, 0x00000000c4300000|100%| O|  |TS 17|AC  0|TAMS 0x00000000c4200000, 0x00000000c4200000|
|  67|0x00000000c4300000, 0x00000000c4400000, 0x00000000c4400000|100%| O|  |TS 17|AC  0|TAMS 0x00000000c4300000, 0x00000000c4300000|
|  68|0x00000000c4400000, 0x00000000c4500000, 0x00000000c4500000|100%| O|  |TS 17|AC  0|TAMS 0x00000000c4400000, 0x00000000c4400000|
|  69|0x00000000c4500000, 0x00000000c4600000, 0x00000000c4600000|100%| O|  |TS 17|AC  0|TAMS 0x00000000c4500000, 0x00000000c4500000|
|  70|0x00000000c4600000, 0x00000000c4600000, 0x00000000c4700000|  0%| F|  |TS  9|AC  0|TAMS 0x00000000c4600000, 0x00000000c4600000|
|  71|0x00000000c4700000, 0x00000000c4700000, 0x00000000c4800000|  0%| F|  |TS  9|AC  0|TAMS 0x00000000c4700000, 0x00000000c4700000|
|  72|0x00000000c4800000, 0x00000000c4800000, 0x00000000c4900000|  0%| F|  |TS  9|AC  0|TAMS 0x00000000c4800000, 0x00000000c4800000|
|  73|0x00000000c4900000, 0x00000000c4900000, 0x00000000c4a00000|  0%| F|  |TS  9|AC  0|TAMS 0x00000000c4900000, 0x00000000c4900000|
|  74|0x00000000c4a00000, 0x00000000c4a00000, 0x00000000c4b00000|  0%| F|  |TS  9|AC  0|TAMS 0x00000000c4a00000, 0x00000000c4a00000|
|  75|0x00000000c4b00000, 0x00000000c4b00000, 0x00000000c4c00000|  0%| F|  |TS  9|AC  0|TAMS 0x00000000c4b00000, 0x00000000c4b00000|
|  76|0x00000000c4c00000, 0x00000000c4c00000, 0x00000000c4d00000|  0%| F|  |TS  9|AC  0|TAMS 0x00000000c4c00000, 0x00000000c4c00000|
|  77|0x00000000c4d00000, 0x00000000c4d00000, 0x00000000c4e00000|  0%| F|  |TS  9|AC  0|TAMS 0x00000000c4d00000, 0x00000000c4d00000|
|  78|0x00000000c4e00000, 0x00000000c4e00000, 0x00000000c4f00000|  0%| F|  |TS  9|AC  0|TAMS 0x00000000c4e00000, 0x00000000c4e00000|
|  79|0x00000000c4f00000, 0x00000000c4f00000, 0x00000000c5000000|  0%| F|  |TS  9|AC  0|TAMS 0x00000000c4f00000, 0x00000000c4f00000|
|  80|0x00000000c5000000, 0x00000000c5000000, 0x00000000c5100000|  0%| F|  |TS  9|AC  0|TAMS 0x00000000c5000000, 0x00000000c5000000|
|  81|0x00000000c5100000, 0x00000000c5100000, 0x00000000c5200000|  0%| F|  |TS  9|AC  0|TAMS 0x00000000c5100000, 0x00000000c5100000|
|  82|0x00000000c5200000, 0x00000000c5200000, 0x00000000c5300000|  0%| F|  |TS  9|AC  0|TAMS 0x00000000c5200000, 0x00000000c5200000|
|  83|0x00000000c5300000, 0x00000000c5300000, 0x00000000c5400000|  0%| F|  |TS  9|AC  0|TAMS 0x00000000c5300000, 0x00000000c5300000|
|  84|0x00000000c5400000, 0x00000000c5400000, 0x00000000c5500000|  0%| F|  |TS  9|AC  0|TAMS 0x00000000c5400000, 0x00000000c5400000|
|  85|0x00000000c5500000, 0x00000000c5500000, 0x00000000c5600000|  0%| F|  |TS  9|AC  0|TAMS 0x00000000c5500000, 0x00000000c5500000|
|  86|0x00000000c5600000, 0x00000000c5600000, 0x00000000c5700000|  0%| F|  |TS  9|AC  0|TAMS 0x00000000c5600000, 0x00000000c5600000|
|  87|0x00000000c5700000, 0x00000000c5700000, 0x00000000c5800000|  0%| F|  |TS  9|AC  0|TAMS 0x00000000c5700000, 0x00000000c5700000|
|  88|0x00000000c5800000, 0x00000000c5800000, 0x00000000c5900000|  0%| F|  |TS  9|AC  0|TAMS 0x00000000c5800000, 0x00000000c5800000|
|  89|0x00000000c5900000, 0x00000000c5900000, 0x00000000c5a00000|  0%| F|  |TS  9|AC  0|TAMS 0x00000000c5900000, 0x00000000c5900000|
|  90|0x00000000c5a00000, 0x00000000c5a00000, 0x00000000c5b00000|  0%| F|  |TS  9|AC  0|TAMS 0x00000000c5a00000, 0x00000000c5a00000|
|  91|0x00000000c5b00000, 0x00000000c5b00000, 0x00000000c5c00000|  0%| F|  |TS  9|AC  0|TAMS 0x00000000c5b00000, 0x00000000c5b00000|
|  92|0x00000000c5c00000, 0x00000000c5c00000, 0x00000000c5d00000|  0%| F|  |TS  9|AC  0|TAMS 0x00000000c5c00000, 0x00000000c5c00000|
|  93|0x00000000c5d00000, 0x00000000c5d00000, 0x00000000c5e00000|  0%| F|  |TS  9|AC  0|TAMS 0x00000000c5d00000, 0x00000000c5d00000|
|  94|0x00000000c5e00000, 0x00000000c5e00000, 0x00000000c5f00000|  0%| F|  |TS  9|AC  0|TAMS 0x00000000c5e00000, 0x00000000c5e00000|
|  95|0x00000000c5f00000, 0x00000000c5f00000, 0x00000000c6000000|  0%| F|  |TS  9|AC  0|TAMS 0x00000000c5f00000, 0x00000000c5f00000|
|  96|0x00000000c6000000, 0x00000000c6000000, 0x00000000c6100000|  0%| F|  |TS  9|AC  0|TAMS 0x00000000c6000000, 0x00000000c6000000|
|  97|0x00000000c6100000, 0x00000000c6100000, 0x00000000c6200000|  0%| F|  |TS  9|AC  0|TAMS 0x00000000c6100000, 0x00000000c6100000|
|  98|0x00000000c6200000, 0x00000000c6200000, 0x00000000c6300000|  0%| F|  |TS  9|AC  0|TAMS 0x00000000c6200000, 0x00000000c6200000|
|  99|0x00000000c6300000, 0x00000000c6300000, 0x00000000c6400000|  0%| F|  |TS 13|AC  0|TAMS 0x00000000c6300000, 0x00000000c6300000|
| 100|0x00000000c6400000, 0x00000000c6400000, 0x00000000c6500000|  0%| F|  |TS 12|AC  0|TAMS 0x00000000c6400000, 0x00000000c6400000|
| 101|0x00000000c6500000, 0x00000000c6500000, 0x00000000c6600000|  0%| F|  |TS 14|AC  0|TAMS 0x00000000c6500000, 0x00000000c6500000|
| 102|0x00000000c6600000, 0x00000000c6600000, 0x00000000c6700000|  0%| F|  |TS 14|AC  0|TAMS 0x00000000c6600000, 0x00000000c6600000|
| 103|0x00000000c6700000, 0x00000000c6700000, 0x00000000c6800000|  0%| F|  |TS 14|AC  0|TAMS 0x00000000c6700000, 0x00000000c6700000|
| 104|0x00000000c6800000, 0x00000000c6800000, 0x00000000c6900000|  0%| F|  |TS 13|AC  0|TAMS 0x00000000c6800000, 0x00000000c6800000|
| 105|0x00000000c6900000, 0x00000000c6900000, 0x00000000c6a00000|  0%| F|  |TS 13|AC  0|TAMS 0x00000000c6900000, 0x00000000c6900000|
| 106|0x00000000c6a00000, 0x00000000c6a00000, 0x00000000c6b00000|  0%| F|  |TS 14|AC  0|TAMS 0x00000000c6a00000, 0x00000000c6a00000|
| 107|0x00000000c6b00000, 0x00000000c6b00000, 0x00000000c6c00000|  0%| F|  |TS 13|AC  0|TAMS 0x00000000c6b00000, 0x00000000c6b00000|
| 108|0x00000000c6c00000, 0x00000000c6c00000, 0x00000000c6d00000|  0%| F|  |TS 13|AC  0|TAMS 0x00000000c6c00000, 0x00000000c6c00000|
| 109|0x00000000c6d00000, 0x00000000c6d00000, 0x00000000c6e00000|  0%| F|  |TS 13|AC  0|TAMS 0x00000000c6d00000, 0x00000000c6d00000|
| 110|0x00000000c6e00000, 0x00000000c6e00000, 0x00000000c6f00000|  0%| F|  |TS 13|AC  0|TAMS 0x00000000c6e00000, 0x00000000c6e00000|
| 111|0x00000000c6f00000, 0x00000000c6f00000, 0x00000000c7000000|  0%| F|  |TS 13|AC  0|TAMS 0x00000000c6f00000, 0x00000000c6f00000|
| 112|0x00000000c7000000, 0x00000000c7000000, 0x00000000c7100000|  0%| F|  |TS 13|AC  0|TAMS 0x00000000c7000000, 0x00000000c7000000|
| 113|0x00000000c7100000, 0x00000000c7100000, 0x00000000c7200000|  0%| F|  |TS 13|AC  0|TAMS 0x00000000c7100000, 0x00000000c7100000|
| 114|0x00000000c7200000, 0x00000000c7200000, 0x00000000c7300000|  0%| F|  |TS 13|AC  0|TAMS 0x00000000c7200000, 0x00000000c7200000|
| 115|0x00000000c7300000, 0x00000000c7300000, 0x00000000c7400000|  0%| F|  |TS 13|AC  0|TAMS 0x00000000c7300000, 0x00000000c7300000|
| 116|0x00000000c7400000, 0x00000000c7400000, 0x00000000c7500000|  0%| F|  |TS 13|AC  0|TAMS 0x00000000c7400000, 0x00000000c7400000|
| 117|0x00000000c7500000, 0x00000000c7500000, 0x00000000c7600000|  0%| F|  |TS 13|AC  0|TAMS 0x00000000c7500000, 0x00000000c7500000|
| 118|0x00000000c7600000, 0x00000000c7600000, 0x00000000c7700000|  0%| F|  |TS 13|AC  0|TAMS 0x00000000c7600000, 0x00000000c7600000|
| 119|0x00000000c7700000, 0x00000000c7700000, 0x00000000c7800000|  0%| F|  |TS 13|AC  0|TAMS 0x00000000c7700000, 0x00000000c7700000|
| 120|0x00000000c7800000, 0x00000000c7800000, 0x00000000c7900000|  0%| F|  |TS 13|AC  0|TAMS 0x00000000c7800000, 0x00000000c7800000|
| 121|0x00000000c7900000, 0x00000000c7900000, 0x00000000c7a00000|  0%| F|  |TS 13|AC  0|TAMS 0x00000000c7900000, 0x00000000c7900000|
| 122|0x00000000c7a00000, 0x00000000c7a00000, 0x00000000c7b00000|  0%| F|  |TS 13|AC  0|TAMS 0x00000000c7a00000, 0x00000000c7a00000|
| 123|0x00000000c7b00000, 0x00000000c7b00000, 0x00000000c7c00000|  0%| F|  |TS 13|AC  0|TAMS 0x00000000c7b00000, 0x00000000c7b00000|
| 124|0x00000000c7c00000, 0x00000000c7c00000, 0x00000000c7d00000|  0%| F|  |TS 13|AC  0|TAMS 0x00000000c7c00000, 0x00000000c7c00000|
| 125|0x00000000c7d00000, 0x00000000c7d00000, 0x00000000c7e00000|  0%| F|  |TS 13|AC  0|TAMS 0x00000000c7d00000, 0x00000000c7d00000|
| 126|0x00000000c7e00000, 0x00000000c7e00000, 0x00000000c7f00000|  0%| F|  |TS 13|AC  0|TAMS 0x00000000c7e00000, 0x00000000c7e00000|
| 127|0x00000000c7f00000, 0x00000000c7f00000, 0x00000000c8000000|  0%| F|  |TS 13|AC  0|TAMS 0x00000000c7f00000, 0x00000000c7f00000|
| 128|0x00000000c8000000, 0x00000000c8000000, 0x00000000c8100000|  0%| F|  |TS 13|AC  0|TAMS 0x00000000c8000000, 0x00000000c8000000|
| 129|0x00000000c8100000, 0x00000000c8100000, 0x00000000c8200000|  0%| F|  |TS 13|AC  0|TAMS 0x00000000c8100000, 0x00000000c8100000|
| 130|0x00000000c8200000, 0x00000000c8200000, 0x00000000c8300000|  0%| F|  |TS 17|AC  0|TAMS 0x00000000c8200000, 0x00000000c8200000|
| 131|0x00000000c8300000, 0x00000000c8300000, 0x00000000c8400000|  0%| F|  |TS 17|AC  0|TAMS 0x00000000c8300000, 0x00000000c8300000|
| 132|0x00000000c8400000, 0x00000000c8400000, 0x00000000c8500000|  0%| F|  |TS 17|AC  0|TAMS 0x00000000c8400000, 0x00000000c8400000|
| 133|0x00000000c8500000, 0x00000000c8500000, 0x00000000c8600000|  0%| F|  |TS 17|AC  0|TAMS 0x00000000c8500000, 0x00000000c8500000|
| 134|0x00000000c8600000, 0x00000000c8600000, 0x00000000c8700000|  0%| F|  |TS 17|AC  0|TAMS 0x00000000c8600000, 0x00000000c8600000|
| 135|0x00000000c8700000, 0x00000000c8700000, 0x00000000c8800000|  0%| F|  |TS 17|AC  0|TAMS 0x00000000c8700000, 0x00000000c8700000|
| 136|0x00000000c8800000, 0x00000000c8800000, 0x00000000c8900000|  0%| F|  |TS 17|AC  0|TAMS 0x00000000c8800000, 0x00000000c8800000|
| 137|0x00000000c8900000, 0x00000000c8900000, 0x00000000c8a00000|  0%| F|  |TS 17|AC  0|TAMS 0x00000000c8900000, 0x00000000c8900000|
| 138|0x00000000c8a00000, 0x00000000c8a00000, 0x00000000c8b00000|  0%| F|  |TS 17|AC  0|TAMS 0x00000000c8a00000, 0x00000000c8a00000|
| 139|0x00000000c8b00000, 0x00000000c8b00000, 0x00000000c8c00000|  0%| F|  |TS 17|AC  0|TAMS 0x00000000c8b00000, 0x00000000c8b00000|
| 140|0x00000000c8c00000, 0x00000000c8c00000, 0x00000000c8d00000|  0%| F|  |TS 16|AC  0|TAMS 0x00000000c8c00000, 0x00000000c8c00000|
| 141|0x00000000c8d00000, 0x00000000c8d00000, 0x00000000c8e00000|  0%| F|  |TS 16|AC  0|TAMS 0x00000000c8d00000, 0x00000000c8d00000|
| 142|0x00000000c8e00000, 0x00000000c8e00000, 0x00000000c8f00000|  0%| F|  |TS 16|AC  0|TAMS 0x00000000c8e00000, 0x00000000c8e00000|
| 143|0x00000000c8f00000, 0x00000000c8f00000, 0x00000000c9000000|  0%| F|  |TS 16|AC  0|TAMS 0x00000000c8f00000, 0x00000000c8f00000|
| 144|0x00000000c9000000, 0x00000000c9000000, 0x00000000c9100000|  0%| F|  |TS 16|AC  0|TAMS 0x00000000c9000000, 0x00000000c9000000|
| 145|0x00000000c9100000, 0x00000000c9100000, 0x00000000c9200000|  0%| F|  |TS 16|AC  0|TAMS 0x00000000c9100000, 0x00000000c9100000|
| 146|0x00000000c9200000, 0x00000000c9200000, 0x00000000c9300000|  0%| F|  |TS 16|AC  0|TAMS 0x00000000c9200000, 0x00000000c9200000|
| 147|0x00000000c9300000, 0x00000000c9300000, 0x00000000c9400000|  0%| F|  |TS 16|AC  0|TAMS 0x00000000c9300000, 0x00000000c9300000|
| 148|0x00000000c9400000, 0x00000000c9400000, 0x00000000c9500000|  0%| F|  |TS 16|AC  0|TAMS 0x00000000c9400000, 0x00000000c9400000|
| 149|0x00000000c9500000, 0x00000000c9500000, 0x00000000c9600000|  0%| F|  |TS 16|AC  0|TAMS 0x00000000c9500000, 0x00000000c9500000|
| 150|0x00000000c9600000, 0x00000000c9600000, 0x00000000c9700000|  0%| F|  |TS 16|AC  0|TAMS 0x00000000c9600000, 0x00000000c9600000|
| 151|0x00000000c9700000, 0x00000000c9700000, 0x00000000c9800000|  0%| F|  |TS 16|AC  0|TAMS 0x00000000c9700000, 0x00000000c9700000|
| 152|0x00000000c9800000, 0x00000000c9800000, 0x00000000c9900000|  0%| F|  |TS 16|AC  0|TAMS 0x00000000c9800000, 0x00000000c9800000|
| 153|0x00000000c9900000, 0x00000000c9900000, 0x00000000c9a00000|  0%| F|  |TS 16|AC  0|TAMS 0x00000000c9900000, 0x00000000c9900000|
| 154|0x00000000c9a00000, 0x00000000c9a00000, 0x00000000c9b00000|  0%| F|  |TS 16|AC  0|TAMS 0x00000000c9a00000, 0x00000000c9a00000|
| 155|0x00000000c9b00000, 0x00000000c9b00000, 0x00000000c9c00000|  0%| F|  |TS 16|AC  0|TAMS 0x00000000c9b00000, 0x00000000c9b00000|
| 156|0x00000000c9c00000, 0x00000000c9c00000, 0x00000000c9d00000|  0%| F|  |TS 16|AC  0|TAMS 0x00000000c9c00000, 0x00000000c9c00000|
| 157|0x00000000c9d00000, 0x00000000c9d00000, 0x00000000c9e00000|  0%| F|  |TS 16|AC  0|TAMS 0x00000000c9d00000, 0x00000000c9d00000|
| 158|0x00000000c9e00000, 0x00000000c9e00000, 0x00000000c9f00000|  0%| F|  |TS 16|AC  0|TAMS 0x00000000c9e00000, 0x00000000c9e00000|
| 159|0x00000000c9f00000, 0x00000000c9f00000, 0x00000000ca000000|  0%| F|  |TS 16|AC  0|TAMS 0x00000000c9f00000, 0x00000000c9f00000|
| 160|0x00000000ca000000, 0x00000000ca000000, 0x00000000ca100000|  0%| F|  |TS 16|AC  0|TAMS 0x00000000ca000000, 0x00000000ca000000|
| 161|0x00000000ca100000, 0x00000000ca100000, 0x00000000ca200000|  0%| F|  |TS 16|AC  0|TAMS 0x00000000ca100000, 0x00000000ca100000|
| 162|0x00000000ca200000, 0x00000000ca200000, 0x00000000ca300000|  0%| F|  |TS 16|AC  0|TAMS 0x00000000ca200000, 0x00000000ca200000|
| 163|0x00000000ca300000, 0x00000000ca300000, 0x00000000ca400000|  0%| F|  |TS 16|AC  0|TAMS 0x00000000ca300000, 0x00000000ca300000|
| 164|0x00000000ca400000, 0x00000000ca400000, 0x00000000ca500000|  0%| F|  |TS 16|AC  0|TAMS 0x00000000ca400000, 0x00000000ca400000|
| 165|0x00000000ca500000, 0x00000000ca500000, 0x00000000ca600000|  0%| F|  |TS 16|AC  0|TAMS 0x00000000ca500000, 0x00000000ca500000|
| 166|0x00000000ca600000, 0x00000000ca600000, 0x00000000ca700000|  0%| F|  |TS 16|AC  0|TAMS 0x00000000ca600000, 0x00000000ca600000|
| 167|0x00000000ca700000, 0x00000000ca800000, 0x00000000ca800000|100%| S|CS|TS 17|AC  0|TAMS 0x00000000ca700000, 0x00000000ca700000|
| 168|0x00000000ca800000, 0x00000000ca900000, 0x00000000ca900000|100%| S|CS|TS 17|AC  0|TAMS 0x00000000ca800000, 0x00000000ca800000|
| 169|0x00000000ca900000, 0x00000000caa00000, 0x00000000caa00000|100%| S|CS|TS 17|AC  0|TAMS 0x00000000ca900000, 0x00000000ca900000|
| 170|0x00000000caa00000, 0x00000000cab00000, 0x00000000cab00000|100%| S|CS|TS 17|AC  0|TAMS 0x00000000caa00000, 0x00000000caa00000|
| 171|0x00000000cab00000, 0x00000000cac00000, 0x00000000cac00000|100%| S|CS|TS 17|AC  0|TAMS 0x00000000cab00000, 0x00000000cab00000|
| 172|0x00000000cac00000, 0x00000000cac00000, 0x00000000cad00000|  0%| F|  |TS 17|AC  0|TAMS 0x00000000cac00000, 0x00000000cac00000|
| 173|0x00000000cad00000, 0x00000000cad00000, 0x00000000cae00000|  0%| F|  |TS 17|AC  0|TAMS 0x00000000cad00000, 0x00000000cad00000|
| 174|0x00000000cae00000, 0x00000000cae00000, 0x00000000caf00000|  0%| F|  |TS 17|AC  0|TAMS 0x00000000cae00000, 0x00000000cae00000|
| 175|0x00000000caf00000, 0x00000000caf00000, 0x00000000cb000000|  0%| F|  |TS 17|AC  0|TAMS 0x00000000caf00000, 0x00000000caf00000|
| 176|0x00000000cb000000, 0x00000000cb000000, 0x00000000cb100000|  0%| F|  |TS 17|AC  0|TAMS 0x00000000cb000000, 0x00000000cb000000|
| 177|0x00000000cb100000, 0x00000000cb100000, 0x00000000cb200000|  0%| F|  |TS 17|AC  0|TAMS 0x00000000cb100000, 0x00000000cb100000|
| 178|0x00000000cb200000, 0x00000000cb200000, 0x00000000cb300000|  0%| F|  |TS 17|AC  0|TAMS 0x00000000cb200000, 0x00000000cb200000|
| 179|0x00000000cb300000, 0x00000000cb300000, 0x00000000cb400000|  0%| F|  |TS 17|AC  0|TAMS 0x00000000cb300000, 0x00000000cb300000|
| 180|0x00000000cb400000, 0x00000000cb400000, 0x00000000cb500000|  0%| F|  |TS 17|AC  0|TAMS 0x00000000cb400000, 0x00000000cb400000|
| 181|0x00000000cb500000, 0x00000000cb500000, 0x00000000cb600000|  0%| F|  |TS 17|AC  0|TAMS 0x00000000cb500000, 0x00000000cb500000|
| 182|0x00000000cb600000, 0x00000000cb600000, 0x00000000cb700000|  0%| F|  |TS 17|AC  0|TAMS 0x00000000cb600000, 0x00000000cb600000|
| 183|0x00000000cb700000, 0x00000000cb700000, 0x00000000cb800000|  0%| F|  |TS 17|AC  0|TAMS 0x00000000cb700000, 0x00000000cb700000|
| 184|0x00000000cb800000, 0x00000000cb800000, 0x00000000cb900000|  0%| F|  |TS 17|AC  0|TAMS 0x00000000cb800000, 0x00000000cb800000|
| 185|0x00000000cb900000, 0x00000000cb900000, 0x00000000cba00000|  0%| F|  |TS 17|AC  0|TAMS 0x00000000cb900000, 0x00000000cb900000|
| 186|0x00000000cba00000, 0x00000000cba00000, 0x00000000cbb00000|  0%| F|  |TS 17|AC  0|TAMS 0x00000000cba00000, 0x00000000cba00000|
| 187|0x00000000cbb00000, 0x00000000cbb00000, 0x00000000cbc00000|  0%| F|  |TS 17|AC  0|TAMS 0x00000000cbb00000, 0x00000000cbb00000|
| 188|0x00000000cbc00000, 0x00000000cbc00000, 0x00000000cbd00000|  0%| F|  |TS 17|AC  0|TAMS 0x00000000cbc00000, 0x00000000cbc00000|
| 189|0x00000000cbd00000, 0x00000000cbd00000, 0x00000000cbe00000|  0%| F|  |TS 17|AC  0|TAMS 0x00000000cbd00000, 0x00000000cbd00000|
| 190|0x00000000cbe00000, 0x00000000cbe00000, 0x00000000cbf00000|  0%| F|  |TS 17|AC  0|TAMS 0x00000000cbe00000, 0x00000000cbe00000|
| 191|0x00000000cbf00000, 0x00000000cbf00000, 0x00000000cc000000|  0%| F|  |TS 17|AC  0|TAMS 0x00000000cbf00000, 0x00000000cbf00000|
| 192|0x00000000cc000000, 0x00000000cc000000, 0x00000000cc100000|  0%| F|  |TS 17|AC  0|TAMS 0x00000000cc000000, 0x00000000cc000000|
| 193|0x00000000cc100000, 0x00000000cc100000, 0x00000000cc200000|  0%| F|  |TS 17|AC  0|TAMS 0x00000000cc100000, 0x00000000cc100000|
| 194|0x00000000cc200000, 0x00000000cc200000, 0x00000000cc300000|  0%| F|  |TS 17|AC  0|TAMS 0x00000000cc200000, 0x00000000cc200000|
| 195|0x00000000cc300000, 0x00000000cc300000, 0x00000000cc400000|  0%| F|  |TS 17|AC  0|TAMS 0x00000000cc300000, 0x00000000cc300000|
| 196|0x00000000cc400000, 0x00000000cc400000, 0x00000000cc500000|  0%| F|  |TS 17|AC  0|TAMS 0x00000000cc400000, 0x00000000cc400000|
| 197|0x00000000cc500000, 0x00000000cc500000, 0x00000000cc600000|  0%| F|  |TS 17|AC  0|TAMS 0x00000000cc500000, 0x00000000cc500000|
| 198|0x00000000cc600000, 0x00000000cc600000, 0x00000000cc700000|  0%| F|  |TS 17|AC  0|TAMS 0x00000000cc600000, 0x00000000cc600000|
| 199|0x00000000cc700000, 0x00000000cc700000, 0x00000000cc800000|  0%| F|  |TS 17|AC  0|TAMS 0x00000000cc700000, 0x00000000cc700000|
| 200|0x00000000cc800000, 0x00000000cc800000, 0x00000000cc900000|  0%| F|  |TS 17|AC  0|TAMS 0x00000000cc800000, 0x00000000cc800000|
| 201|0x00000000cc900000, 0x00000000cc900000, 0x00000000cca00000|  0%| F|  |TS 17|AC  0|TAMS 0x00000000cc900000, 0x00000000cc900000|
| 202|0x00000000cca00000, 0x00000000cca00000, 0x00000000ccb00000|  0%| F|  |TS 17|AC  0|TAMS 0x00000000cca00000, 0x00000000cca00000|
| 203|0x00000000ccb00000, 0x00000000ccb00000, 0x00000000ccc00000|  0%| F|  |TS 17|AC  0|TAMS 0x00000000ccb00000, 0x00000000ccb00000|
| 204|0x00000000ccc00000, 0x00000000ccc00000, 0x00000000ccd00000|  0%| F|  |TS 17|AC  0|TAMS 0x00000000ccc00000, 0x00000000ccc00000|
| 205|0x00000000ccd00000, 0x00000000ccd00000, 0x00000000cce00000|  0%| F|  |TS 17|AC  0|TAMS 0x00000000ccd00000, 0x00000000ccd00000|
| 206|0x00000000cce00000, 0x00000000cce00000, 0x00000000ccf00000|  0%| F|  |TS 17|AC  0|TAMS 0x00000000cce00000, 0x00000000cce00000|
| 207|0x00000000ccf00000, 0x00000000ccf00000, 0x00000000cd000000|  0%| F|  |TS 17|AC  0|TAMS 0x00000000ccf00000, 0x00000000ccf00000|
| 208|0x00000000cd000000, 0x00000000cd000000, 0x00000000cd100000|  0%| F|  |TS 17|AC  0|TAMS 0x00000000cd000000, 0x00000000cd000000|
| 209|0x00000000cd100000, 0x00000000cd100000, 0x00000000cd200000|  0%| F|  |TS 17|AC  0|TAMS 0x00000000cd100000, 0x00000000cd100000|
| 210|0x00000000cd200000, 0x00000000cd200000, 0x00000000cd300000|  0%| F|  |TS 17|AC  0|TAMS 0x00000000cd200000, 0x00000000cd200000|
| 211|0x00000000cd300000, 0x00000000cd300000, 0x00000000cd400000|  0%| F|  |TS 17|AC  0|TAMS 0x00000000cd300000, 0x00000000cd300000|
| 212|0x00000000cd400000, 0x00000000cd400000, 0x00000000cd500000|  0%| F|  |TS 17|AC  0|TAMS 0x00000000cd400000, 0x00000000cd400000|
| 213|0x00000000cd500000, 0x00000000cd500000, 0x00000000cd600000|  0%| F|  |TS 17|AC  0|TAMS 0x00000000cd500000, 0x00000000cd500000|
| 214|0x00000000cd600000, 0x00000000cd600000, 0x00000000cd700000|  0%| F|  |TS 17|AC  0|TAMS 0x00000000cd600000, 0x00000000cd600000|
| 215|0x00000000cd700000, 0x00000000cd700000, 0x00000000cd800000|  0%| F|  |TS 17|AC  0|TAMS 0x00000000cd700000, 0x00000000cd700000|
| 216|0x00000000cd800000, 0x00000000cd800000, 0x00000000cd900000|  0%| F|  |TS 17|AC  0|TAMS 0x00000000cd800000, 0x00000000cd800000|
| 217|0x00000000cd900000, 0x00000000cd900000, 0x00000000cda00000|  0%| F|  |TS 17|AC  0|TAMS 0x00000000cd900000, 0x00000000cd900000|
| 218|0x00000000cda00000, 0x00000000cda00000, 0x00000000cdb00000|  0%| F|  |TS 17|AC  0|TAMS 0x00000000cda00000, 0x00000000cda00000|

Card table byte_map: [0x00007fe079189000,0x00007fe079389000] byte_map_base: 0x00007fe078b89000

Marking Bits (Prev, Next): (CMBitMap*) 0x00007fe074063068, (CMBitMap*) 0x00007fe074063030
 Prev Bits: [0x00007fe059b26000, 0x00007fe05ab26000)
 Next Bits: [0x00007fe05ab26000, 0x00007fe05bb26000)

Polling page: 0x00007fe07d87f000

CodeHeap 'non-profiled nmethods': size=120036Kb used=2079Kb max_used=2079Kb free=117957Kb
 bounds [0x00007fe0635ed000, 0x00007fe06385d000, 0x00007fe06ab26000]
CodeHeap 'profiled nmethods': size=120032Kb used=12354Kb max_used=12354Kb free=107677Kb
 bounds [0x00007fe05c0b5000, 0x00007fe05ccd5000, 0x00007fe0635ed000]
CodeHeap 'non-nmethods': size=5692Kb used=1205Kb max_used=1240Kb free=4486Kb
 bounds [0x00007fe05bb26000, 0x00007fe05bd96000, 0x00007fe05c0b5000]
 total_blobs=7741 nmethods=5752 adapters=517
 compilation: enabled

Compilation events (10 events):
Event: 57.975 Thread 0x00007fe07412f800 nmethod 6018 0x00007fe0637f2090 code [0x00007fe0637f2340, 0x00007fe0637f3528]
Event: 57.975 Thread 0x00007fe07412f800 5855 %     4       java.lang.StringLatin1::toLowerCase @ 18 (180 bytes)
Event: 57.977 Thread 0x00007fe074131800 nmethod 6373 0x00007fe05cccda10 code [0x00007fe05cccdce0, 0x00007fe05cccec08]
Event: 57.980 Thread 0x00007fe074131800 6374       1       org.eclipse.aether.DefaultRepositorySystemSession::isIgnoreArtifactDescriptorRepositories (5 bytes)
Event: 57.980 Thread 0x00007fe074131800 nmethod 6374 0x00007fe0637f4190 code [0x00007fe0637f4340, 0x00007fe0637f4450]
Event: 57.988 Thread 0x00007fe074131800 6375       1       org.apache.maven.model.Contributor::setTimezone (6 bytes)
Event: 57.988 Thread 0x00007fe074131800 nmethod 6375 0x00007fe0637f4510 code [0x00007fe0637f46c0, 0x00007fe0637f4810]
Event: 57.992 Thread 0x00007fe074131800 6376       1       org.apache.maven.model.Contributor::setOrganization (6 bytes)
Event: 57.992 Thread 0x00007fe074131800 nmethod 6376 0x00007fe0637f4890 code [0x00007fe0637f4a40, 0x00007fe0637f4b90]
Event: 57.992 Thread 0x00007fe074131800 6378       2       org.apache.maven.model.io.xpp3.MavenXpp3Reader::parseDeveloper (497 bytes)

GC Heap History (10 events):
Event: 49.368 GC heap after
{Heap after GC invocations=34 (full 0):
 garbage-first heap   total 141312K, used 50779K [0x00000000c0000000, 0x0000000100000000)
  region size 1024K, 3 young (3072K), 3 survivors (3072K)
 Metaspace       used 46428K, capacity 48794K, committed 49224K, reserved 1093632K
  class space    used 4490K, capacity 5341K, committed 5452K, reserved 1048576K
}
Event: 50.484 GC heap before
{Heap before GC invocations=34 (full 0):
 garbage-first heap   total 141312K, used 82523K [0x00000000c0000000, 0x0000000100000000)
  region size 1024K, 34 young (34816K), 3 survivors (3072K)
 Metaspace       used 46646K, capacity 48995K, committed 49224K, reserved 1093632K
  class space    used 4501K, capacity 5344K, committed 5452K, reserved 1048576K
}
Event: 50.614 GC heap after
{Heap after GC invocations=35 (full 0):
 garbage-first heap   total 224256K, used 55096K [0x00000000c0000000, 0x0000000100000000)
  region size 1024K, 4 young (4096K), 4 survivors (4096K)
 Metaspace       used 46646K, capacity 48995K, committed 49224K, reserved 1093632K
  class space    used 4501K, capacity 5344K, committed 5452K, reserved 1048576K
}
Event: 52.143 GC heap before
{Heap before GC invocations=35 (full 0):
 garbage-first heap   total 224256K, used 87864K [0x00000000c0000000, 0x0000000100000000)
  region size 1024K, 35 young (35840K), 4 survivors (4096K)
 Metaspace       used 47150K, capacity 49455K, committed 49736K, reserved 1093632K
  class space    used 4532K, capacity 5410K, committed 5452K, reserved 1048576K
}
Event: 52.256 GC heap after
{Heap after GC invocations=36 (full 0):
 garbage-first heap   total 224256K, used 59750K [0x00000000c0000000, 0x0000000100000000)
  region size 1024K, 4 young (4096K), 4 survivors (4096K)
 Metaspace       used 47150K, capacity 49455K, committed 49736K, reserved 1093632K
  class space    used 4532K, capacity 5410K, committed 5452K, reserved 1048576K
}
Event: 53.288 GC heap before
{Heap before GC invocations=36 (full 0):
 garbage-first heap   total 224256K, used 95590K [0x00000000c0000000, 0x0000000100000000)
  region size 1024K, 39 young (39936K), 4 survivors (4096K)
 Metaspace       used 47225K, capacity 49592K, committed 49736K, reserved 1093632K
  class space    used 4538K, capacity 5412K, committed 5452K, reserved 1048576K
}
Event: 53.460 GC heap after
{Heap after GC invocations=37 (full 0):
 garbage-first heap   total 224256K, used 63766K [0x00000000c0000000, 0x0000000100000000)
  region size 1024K, 4 young (4096K), 4 survivors (4096K)
 Metaspace       used 47225K, capacity 49592K, committed 49736K, reserved 1093632K
  class space    used 4538K, capacity 5412K, committed 5452K, reserved 1048576K
}
Event: 56.494 GC heap before
{Heap before GC invocations=37 (full 0):
 garbage-first heap   total 224256K, used 140566K [0x00000000c0000000, 0x0000000100000000)
  region size 1024K, 79 young (80896K), 4 survivors (4096K)
 Metaspace       used 48552K, capacity 50889K, committed 51144K, reserved 1095680K
  class space    used 4668K, capacity 5516K, committed 5580K, reserved 1048576K
}
Event: 56.575 GC heap after
{Heap after GC invocations=38 (full 0):
 garbage-first heap   total 224256K, used 71680K [0x00000000c0000000, 0x0000000100000000)
  region size 1024K, 10 young (10240K), 10 survivors (10240K)
 Metaspace       used 48552K, capacity 50889K, committed 51144K, reserved 1095680K
  class space    used 4668K, capacity 5516K, committed 5580K, reserved 1048576K
}
Event: 58.000 GC heap before
{Heap before GC invocations=38 (full 0):
 garbage-first heap   total 224256K, used 119808K [0x00000000c0000000, 0x0000000100000000)
  region size 1024K, 57 young (58368K), 10 survivors (10240K)
 Metaspace       used 48721K, capacity 51093K, committed 51400K, reserved 1095680K
  class space    used 4671K, capacity 5518K, committed 5580K, reserved 1048576K
}

Deoptimization events (10 events):
Event: 51.426 Thread 0x00007fe054018000 Uncommon trap: reason=bimorphic_or_optimized_type_check action=maybe_recompile pc=0x00007fe0637603f0 method=java.io.DataOutputStream.writeInt(I)V @ 12 c2
Event: 51.427 Thread 0x00007fe054018000 Uncommon trap: reason=bimorphic_or_optimized_type_check action=maybe_recompile pc=0x00007fe0637603f0 method=java.io.DataOutputStream.writeInt(I)V @ 12 c2
Event: 52.440 Thread 0x00007fe054018000 Uncommon trap: reason=class_check action=maybe_recompile pc=0x00007fe063700c64 method=java.io.DataOutputStream.write(I)V @ 5 c2
Event: 55.589 Thread 0x00007fe054018000 Uncommon trap: reason=unstable_if action=reinterpret pc=0x00007fe063640444 method=sun.nio.cs.UTF_8$Decoder.decodeArrayLoop(Ljava/nio/ByteBuffer;Ljava/nio/CharBuffer;)Ljava/nio/charset/CoderResult; @ 84 c2
Event: 55.612 Thread 0x00007fe054018000 Uncommon trap: reason=unstable_if action=reinterpret pc=0x00007fe06363ecac method=sun.nio.cs.UTF_8$Decoder.decodeArrayLoop(Ljava/nio/ByteBuffer;Ljava/nio/CharBuffer;)Ljava/nio/charset/CoderResult; @ 84 c2
Event: 57.263 Thread 0x00007fe03034d800 Uncommon trap: reason=unstable_if action=reinterpret pc=0x00007fe06377ca9c method=org.eclipse.jdt.internal.core.search.indexing.BinaryIndexer.addTypeReference([C)V @ 5 c2
Event: 57.828 Thread 0x00007fe03034d800 Uncommon trap: reason=bimorphic_or_optimized_type_check action=maybe_recompile pc=0x00007fe0637e89f4 method=jdk.internal.jrtfs.JrtFileAttributes.isDirectory()Z @ 4 c2
Event: 57.833 Thread 0x00007fe03034d800 Uncommon trap: reason=bimorphic_or_optimized_type_check action=maybe_recompile pc=0x00007fe0637e89f4 method=jdk.internal.jrtfs.JrtFileAttributes.isDirectory()Z @ 4 c2
Event: 57.833 Thread 0x00007fe03034d800 Uncommon trap: reason=bimorphic_or_optimized_type_check action=maybe_recompile pc=0x00007fe0637e89f4 method=jdk.internal.jrtfs.JrtFileAttributes.isDirectory()Z @ 4 c2
Event: 57.833 Thread 0x00007fe03034d800 Uncommon trap: reason=bimorphic_or_optimized_type_check action=maybe_recompile pc=0x00007fe0637e89f4 method=jdk.internal.jrtfs.JrtFileAttributes.isDirectory()Z @ 4 c2

Classes redefined (0 events):
No events

Internal exceptions (10 events):
Event: 52.433 Thread 0x00007fe054018000 Exception <a 'sun/nio/fs/UnixException'{0x00000000cd69f8e8}> (0x00000000cd69f8e8) thrown at [/build/openjdk-lts-xioZJb/openjdk-lts-10.0.2+13/src/hotspot/share/prims/jni.cpp, line 611]
Event: 55.036 Thread 0x00007fe054018000 Exception <a 'java/io/FileNotFoundException'{0x00000000cad4f628}> (0x00000000cad4f628) thrown at [/build/openjdk-lts-xioZJb/openjdk-lts-10.0.2+13/src/hotspot/share/prims/jni.cpp, line 611]
Event: 55.128 Thread 0x00007fe054018000 Exception <a 'java/io/FileNotFoundException'{0x00000000ca9a0d28}> (0x00000000ca9a0d28) thrown at [/build/openjdk-lts-xioZJb/openjdk-lts-10.0.2+13/src/hotspot/share/prims/jni.cpp, line 611]
Event: 55.186 Thread 0x00007fe054018000 Exception <a 'java/io/FileNotFoundException'{0x00000000ca9c8a40}> (0x00000000ca9c8a40) thrown at [/build/openjdk-lts-xioZJb/openjdk-lts-10.0.2+13/src/hotspot/share/prims/jni.cpp, line 611]
Event: 55.210 Thread 0x00007fe054018000 Exception <a 'java/io/FileNotFoundException'{0x00000000ca9eb108}> (0x00000000ca9eb108) thrown at [/build/openjdk-lts-xioZJb/openjdk-lts-10.0.2+13/src/hotspot/share/prims/jni.cpp, line 611]
Event: 55.292 Thread 0x00007fe054018000 Exception <a 'java/io/FileNotFoundException'{0x00000000ca6f2700}> (0x00000000ca6f2700) thrown at [/build/openjdk-lts-xioZJb/openjdk-lts-10.0.2+13/src/hotspot/share/prims/jni.cpp, line 611]
Event: 55.316 Thread 0x00007fe054018000 Exception <a 'java/io/FileNotFoundException'{0x00000000ca596c08}> (0x00000000ca596c08) thrown at [/build/openjdk-lts-xioZJb/openjdk-lts-10.0.2+13/src/hotspot/share/prims/jni.cpp, line 611]
Event: 55.337 Thread 0x00007fe054018000 Exception <a 'java/io/FileNotFoundException'{0x00000000ca5b91f8}> (0x00000000ca5b91f8) thrown at [/build/openjdk-lts-xioZJb/openjdk-lts-10.0.2+13/src/hotspot/share/prims/jni.cpp, line 611]
Event: 55.364 Thread 0x00007fe054018000 Exception <a 'java/io/FileNotFoundException'{0x00000000ca5db550}> (0x00000000ca5db550) thrown at [/build/openjdk-lts-xioZJb/openjdk-lts-10.0.2+13/src/hotspot/share/prims/jni.cpp, line 611]
Event: 55.380 Thread 0x00007fe054018000 Exception <a 'java/io/FileNotFoundException'{0x00000000ca5fe520}> (0x00000000ca5fe520) thrown at [/build/openjdk-lts-xioZJb/openjdk-lts-10.0.2+13/src/hotspot/share/prims/jni.cpp, line 611]

Events (10 events):
Event: 57.888 Thread 0x00007fe03034d800 DEOPT UNPACKING pc=0x00007fe05bb4d2ac sp=0x00007fe048ae74c0 mode 0
Event: 57.918 Thread 0x00007fe03034d800 DEOPT PACKING pc=0x00007fe05ca5f850 sp=0x00007fe048ae7f30
Event: 57.918 Thread 0x00007fe03034d800 DEOPT UNPACKING pc=0x00007fe05bb4d2ac sp=0x00007fe048ae74c0 mode 0
Event: 57.962 Thread 0x00007fe03034d800 DEOPT PACKING pc=0x00007fe05ca5f8aa sp=0x00007fe048ae7f30
Event: 57.962 Thread 0x00007fe03034d800 DEOPT UNPACKING pc=0x00007fe05bb4d2ac sp=0x00007fe048ae74c0 mode 0
Event: 57.975 Thread 0x00007fe03034d800 DEOPT PACKING pc=0x00007fe05ca84645 sp=0x00007fe048ae82e0
Event: 57.975 Thread 0x00007fe03034d800 DEOPT UNPACKING pc=0x00007fe05bb4d2ac sp=0x00007fe048ae77f8 mode 0
Event: 57.987 Thread 0x00007fe03034d800 DEOPT PACKING pc=0x00007fe05ca5f8aa sp=0x00007fe048ae7f30
Event: 57.987 Thread 0x00007fe03034d800 DEOPT UNPACKING pc=0x00007fe05bb4d2ac sp=0x00007fe048ae74c0 mode 0
Event: 57.996 Executing VM operation: G1IncCollectionPause


Dynamic libraries:
c0000000-cdb00000 rw-p 00000000 00:00 0 
d4c00000-100000000 ---p 00000000 00:00 0 
100000000-100573000 rw-p 00000000 00:00 0 
100573000-140000000 ---p 00000000 00:00 0 
5581b4a6f000-5581b4a70000 r-xp 00000000 b3:02 1444736                    /usr/lib/jvm/java-11-openjdk-amd64/bin/java
5581b4c70000-5581b4c71000 r--p 00001000 b3:02 1444736                    /usr/lib/jvm/java-11-openjdk-amd64/bin/java
5581b4c71000-5581b4c72000 rw-p 00002000 b3:02 1444736                    /usr/lib/jvm/java-11-openjdk-amd64/bin/java
5581b5574000-5581b57a6000 rw-p 00000000 00:00 0                          [heap]
7fe00eb26000-7fe018000000 r--s 00000000 b3:02 1459976                    /usr/lib/jvm/java-11-openjdk-amd64/lib/modules
7fe018000000-7fe018a22000 rw-p 00000000 00:00 0 
7fe018a22000-7fe01c000000 ---p 00000000 00:00 0 
7fe01dba4000-7fe01dc64000 rw-p 00000000 00:00 0 
7fe01dc64000-7fe01dda4000 ---p 00000000 00:00 0 
7fe01dda4000-7fe01dfa4000 rw-p 00000000 00:00 0 
7fe01dfa4000-7fe01e1a4000 rw-p 00000000 00:00 0 
7fe01e1a4000-7fe01e1a8000 ---p 00000000 00:00 0 
7fe01e1a8000-7fe01e2a5000 rw-p 00000000 00:00 0 
7fe01e2a5000-7fe01e2bc000 r-xp 00000000 b3:02 399098                     /lib/x86_64-linux-gnu/libresolv-2.27.so
7fe01e2bc000-7fe01e4bc000 ---p 00017000 b3:02 399098                     /lib/x86_64-linux-gnu/libresolv-2.27.so
7fe01e4bc000-7fe01e4bd000 r--p 00017000 b3:02 399098                     /lib/x86_64-linux-gnu/libresolv-2.27.so
7fe01e4bd000-7fe01e4be000 rw-p 00018000 b3:02 399098                     /lib/x86_64-linux-gnu/libresolv-2.27.so
7fe01e4be000-7fe01e4c0000 rw-p 00000000 00:00 0 
7fe01e4c0000-7fe01e4c5000 r-xp 00000000 b3:02 399047                     /lib/x86_64-linux-gnu/libnss_dns-2.27.so
7fe01e4c5000-7fe01e6c5000 ---p 00005000 b3:02 399047                     /lib/x86_64-linux-gnu/libnss_dns-2.27.so
7fe01e6c5000-7fe01e6c6000 r--p 00005000 b3:02 399047                     /lib/x86_64-linux-gnu/libnss_dns-2.27.so
7fe01e6c6000-7fe01e6c7000 rw-p 00006000 b3:02 399047                     /lib/x86_64-linux-gnu/libnss_dns-2.27.so
7fe01e6c7000-7fe01e6c9000 r-xp 00000000 b3:02 399055                     /lib/x86_64-linux-gnu/libnss_mdns4_minimal.so.2
7fe01e6c9000-7fe01e8c8000 ---p 00002000 b3:02 399055                     /lib/x86_64-linux-gnu/libnss_mdns4_minimal.so.2
7fe01e8c8000-7fe01e8c9000 r--p 00001000 b3:02 399055                     /lib/x86_64-linux-gnu/libnss_mdns4_minimal.so.2
7fe01e8c9000-7fe01e8ca000 rw-p 00002000 b3:02 399055                     /lib/x86_64-linux-gnu/libnss_mdns4_minimal.so.2
7fe01e8ca000-7fe01e8cb000 r-xp 00000000 b3:02 1459947                    /usr/lib/jvm/java-11-openjdk-amd64/lib/libextnet.so
7fe01e8cb000-7fe01eaca000 ---p 00001000 b3:02 1459947                    /usr/lib/jvm/java-11-openjdk-amd64/lib/libextnet.so
7fe01eaca000-7fe01eacb000 r--p 00000000 b3:02 1459947                    /usr/lib/jvm/java-11-openjdk-amd64/lib/libextnet.so
7fe01eacb000-7fe01eacc000 rw-p 00001000 b3:02 1459947                    /usr/lib/jvm/java-11-openjdk-amd64/lib/libextnet.so
7fe01eacc000-7fe01eccc000 rw-p 00000000 00:00 0 
7fe01eccc000-7fe01ecd0000 ---p 00000000 00:00 0 
7fe01ecd0000-7fe01edcd000 rw-p 00000000 00:00 0 
7fe01edcd000-7fe01edd1000 ---p 00000000 00:00 0 
7fe01edd1000-7fe01eece000 rw-p 00000000 00:00 0 
7fe01eece000-7fe01eed2000 ---p 00000000 00:00 0 
7fe01eed2000-7fe01efcf000 rw-p 00000000 00:00 0 
7fe01efcf000-7fe01efd3000 ---p 00000000 00:00 0 
7fe01efd3000-7fe01f2d0000 rw-p 00000000 00:00 0 
7fe01f2d0000-7fe01f2f8000 r-xp 00000000 b3:02 1459972                    /usr/lib/jvm/java-11-openjdk-amd64/lib/libsunec.so
7fe01f2f8000-7fe01f4f8000 ---p 00028000 b3:02 1459972                    /usr/lib/jvm/java-11-openjdk-amd64/lib/libsunec.so
7fe01f4f8000-7fe01f4fc000 r--p 00028000 b3:02 1459972                    /usr/lib/jvm/java-11-openjdk-amd64/lib/libsunec.so
7fe01f4fc000-7fe01f4fd000 rw-p 0002c000 b3:02 1459972                    /usr/lib/jvm/java-11-openjdk-amd64/lib/libsunec.so
7fe01f4fd000-7fe01f501000 ---p 00000000 00:00 0 
7fe01f501000-7fe01f7fe000 rw-p 00000000 00:00 0 
7fe01f7fe000-7fe01f9fe000 rw-p 00000000 00:00 0 
7fe01f9fe000-7fe01fa02000 ---p 00000000 00:00 0 
7fe01fa02000-7fe01faff000 rw-p 00000000 00:00 0 
7fe01faff000-7fe01fb03000 ---p 00000000 00:00 0 
7fe01fb03000-7fe01fe00000 rw-p 00000000 00:00 0 
7fe01fe00000-7fe020000000 rw-p 00000000 00:00 0 
7fe020000000-7fe020021000 rw-p 00000000 00:00 0 
7fe020021000-7fe024000000 ---p 00000000 00:00 0 
7fe024000000-7fe025570000 rw-p 00000000 00:00 0 
7fe025570000-7fe028000000 ---p 00000000 00:00 0 
7fe028000000-7fe028023000 rw-p 00000000 00:00 0 
7fe028023000-7fe02c000000 ---p 00000000 00:00 0 
7fe02c000000-7fe02c021000 rw-p 00000000 00:00 0 
7fe02c021000-7fe030000000 ---p 00000000 00:00 0 
7fe030000000-7fe030c69000 rw-p 00000000 00:00 0 
7fe030c69000-7fe034000000 ---p 00000000 00:00 0 
7fe034000000-7fe0341fe000 rw-p 00000000 00:00 0 
7fe0341fe000-7fe038000000 ---p 00000000 00:00 0 
7fe038000000-7fe038021000 rw-p 00000000 00:00 0 
7fe038021000-7fe03c000000 ---p 00000000 00:00 0 
7fe03c000000-7fe03c021000 rw-p 00000000 00:00 0 
7fe03c021000-7fe040000000 ---p 00000000 00:00 0 
7fe040000000-7fe04008c000 rw-p 00000000 00:00 0 
7fe04008c000-7fe044000000 ---p 00000000 00:00 0 
7fe044000000-7fe044063000 rw-p 00000000 00:00 0 
7fe044063000-7fe048000000 ---p 00000000 00:00 0 
7fe0480e6000-7fe0480ea000 ---p 00000000 00:00 0 
7fe0480ea000-7fe0483e7000 rw-p 00000000 00:00 0 
7fe0483e7000-7fe0485e7000 rw-p 00000000 00:00 0 
7fe0485e7000-7fe0487e7000 rw-p 00000000 00:00 0 
7fe0487e7000-7fe0487eb000 ---p 00000000 00:00 0 
7fe0487eb000-7fe0488e8000 rw-p 00000000 00:00 0 
7fe0488e8000-7fe0488ec000 ---p 00000000 00:00 0 
7fe0488ec000-7fe0489e9000 rw-p 00000000 00:00 0 
7fe0489e9000-7fe0489ed000 ---p 00000000 00:00 0 
7fe0489ed000-7fe048cea000 rw-p 00000000 00:00 0 
7fe048cea000-7fe048ee9000 rw-p 00000000 00:00 0 
7fe048ee9000-7fe048eea000 ---p 00000000 00:00 0 
7fe048eea000-7fe048eee000 ---p 00000000 00:00 0 
7fe048eee000-7fe0491eb000 rw-p 00000000 00:00 0 
7fe0491eb000-7fe0491ef000 ---p 00000000 00:00 0 
7fe0491ef000-7fe0494ec000 rw-p 00000000 00:00 0 
7fe0494ec000-7fe0496ec000 rw-p 00000000 00:00 0 
7fe0496ec000-7fe0496fc000 r-xp 00000000 b3:02 394130                     /home/rfulop/.vscode/extensions/redhat.java-0.32.0/server/config_linux/org.eclipse.equinox.launcher/org.eclipse.equinox.launcher.gtk.linux.x86_64_1.1.900.v20180922-1751/eclipse_1801.so
7fe0496fc000-7fe0498fb000 ---p 00010000 b3:02 394130                     /home/rfulop/.vscode/extensions/redhat.java-0.32.0/server/config_linux/org.eclipse.equinox.launcher/org.eclipse.equinox.launcher.gtk.linux.x86_64_1.1.900.v20180922-1751/eclipse_1801.so
7fe0498fb000-7fe0498fc000 r--p 0000f000 b3:02 394130                     /home/rfulop/.vscode/extensions/redhat.java-0.32.0/server/config_linux/org.eclipse.equinox.launcher/org.eclipse.equinox.launcher.gtk.linux.x86_64_1.1.900.v20180922-1751/eclipse_1801.so
7fe0498fc000-7fe0498fd000 rw-p 00010000 b3:02 394130                     /home/rfulop/.vscode/extensions/redhat.java-0.32.0/server/config_linux/org.eclipse.equinox.launcher/org.eclipse.equinox.launcher.gtk.linux.x86_64_1.1.900.v20180922-1751/eclipse_1801.so
7fe0498fd000-7fe049901000 ---p 00000000 00:00 0 
7fe049901000-7fe0499fe000 rw-p 00000000 00:00 0 
7fe0499fe000-7fe049a02000 ---p 00000000 00:00 0 
7fe049a02000-7fe049aff000 rw-p 00000000 00:00 0 
7fe049aff000-7fe049b03000 ---p 00000000 00:00 0 
7fe049b03000-7fe049e00000 rw-p 00000000 00:00 0 
7fe049e00000-7fe04c000000 rw-p 00000000 00:00 0 
7fe04c000000-7fe04c05c000 rw-p 00000000 00:00 0 
7fe04c05c000-7fe050000000 ---p 00000000 00:00 0 
7fe050000000-7fe05010a000 rw-p 00000000 00:00 0 
7fe05010a000-7fe054000000 ---p 00000000 00:00 0 
7fe054000000-7fe054056000 rw-p 00000000 00:00 0 
7fe054056000-7fe058000000 ---p 00000000 00:00 0 
7fe058027000-7fe05802b000 ---p 00000000 00:00 0 
7fe05802b000-7fe058128000 rw-p 00000000 00:00 0 
7fe058128000-7fe05813f000 r-xp 00000000 b3:02 1459966                    /usr/lib/jvm/java-11-openjdk-amd64/lib/libnet.so
7fe05813f000-7fe05833e000 ---p 00017000 b3:02 1459966                    /usr/lib/jvm/java-11-openjdk-amd64/lib/libnet.so
7fe05833e000-7fe05833f000 r--p 00016000 b3:02 1459966                    /usr/lib/jvm/java-11-openjdk-amd64/lib/libnet.so
7fe05833f000-7fe058340000 rw-p 00017000 b3:02 1459966                    /usr/lib/jvm/java-11-openjdk-amd64/lib/libnet.so
7fe058340000-7fe058351000 r-xp 00000000 b3:02 1459967                    /usr/lib/jvm/java-11-openjdk-amd64/lib/libnio.so
7fe058351000-7fe058550000 ---p 00011000 b3:02 1459967                    /usr/lib/jvm/java-11-openjdk-amd64/lib/libnio.so
7fe058550000-7fe058551000 r--p 00010000 b3:02 1459967                    /usr/lib/jvm/java-11-openjdk-amd64/lib/libnio.so
7fe058551000-7fe058552000 rw-p 00011000 b3:02 1459967                    /usr/lib/jvm/java-11-openjdk-amd64/lib/libnio.so
7fe058552000-7fe058553000 ---p 00000000 00:00 0 
7fe058553000-7fe058654000 rw-p 00000000 00:00 0 
7fe058654000-7fe058658000 ---p 00000000 00:00 0 
7fe058658000-7fe058755000 rw-p 00000000 00:00 0 
7fe058755000-7fe058759000 ---p 00000000 00:00 0 
7fe058759000-7fe058856000 rw-p 00000000 00:00 0 
7fe058856000-7fe05885a000 ---p 00000000 00:00 0 
7fe05885a000-7fe058957000 rw-p 00000000 00:00 0 
7fe058957000-7fe059326000 r--p 00000000 b3:02 1448541                    /usr/lib/locale/locale-archive
7fe059326000-7fe059e92000 rw-p 00000000 00:00 0 
7fe059e92000-7fe05ab26000 ---p 00000000 00:00 0 
7fe05ab26000-7fe05ae92000 rw-p 00000000 00:00 0 
7fe05ae92000-7fe05bb26000 ---p 00000000 00:00 0 
7fe05bb26000-7fe05bd96000 rwxp 00000000 00:00 0 
7fe05bd96000-7fe05c0b5000 ---p 00000000 00:00 0 
7fe05c0b5000-7fe05ccd5000 rwxp 00000000 00:00 0 
7fe05ccd5000-7fe0635ed000 ---p 00000000 00:00 0 
7fe0635ed000-7fe06385d000 rwxp 00000000 00:00 0 
7fe06385d000-7fe06ab26000 ---p 00000000 00:00 0 
7fe06ab26000-7fe074000000 r--s 00000000 b3:02 1459976                    /usr/lib/jvm/java-11-openjdk-amd64/lib/modules
7fe074000000-7fe0746c9000 rw-p 00000000 00:00 0 
7fe0746c9000-7fe078000000 ---p 00000000 00:00 0 
7fe0780fe000-7fe078102000 ---p 00000000 00:00 0 
7fe078102000-7fe0781ff000 rw-p 00000000 00:00 0 
7fe0781ff000-7fe078203000 ---p 00000000 00:00 0 
7fe078203000-7fe078300000 rw-p 00000000 00:00 0 
7fe078300000-7fe078304000 ---p 00000000 00:00 0 
7fe078304000-7fe078401000 rw-p 00000000 00:00 0 
7fe078401000-7fe078405000 ---p 00000000 00:00 0 
7fe078405000-7fe078502000 rw-p 00000000 00:00 0 
7fe078502000-7fe078506000 ---p 00000000 00:00 0 
7fe078506000-7fe078603000 rw-p 00000000 00:00 0 
7fe078603000-7fe078604000 ---p 00000000 00:00 0 
7fe078604000-7fe07877b000 rw-p 00000000 00:00 0 
7fe07877b000-7fe07877c000 ---p 00000000 00:00 0 
7fe07877c000-7fe07887d000 rw-p 00000000 00:00 0 
7fe07887d000-7fe07887e000 ---p 00000000 00:00 0 
7fe07887e000-7fe07897f000 rw-p 00000000 00:00 0 
7fe07897f000-7fe078980000 ---p 00000000 00:00 0 
7fe078980000-7fe078a81000 rw-p 00000000 00:00 0 
7fe078a81000-7fe078a82000 ---p 00000000 00:00 0 
7fe078a82000-7fe078d85000 rw-p 00000000 00:00 0 
7fe078d85000-7fe078d86000 ---p 00000000 00:00 0 
7fe078d86000-7fe078e87000 rw-p 00000000 00:00 0 
7fe078e87000-7fe078e88000 ---p 00000000 00:00 0 
7fe078e88000-7fe078ff7000 rw-p 00000000 00:00 0 
7fe078ff7000-7fe079189000 ---p 00000000 00:00 0 
7fe079189000-7fe0791f7000 rw-p 00000000 00:00 0 
7fe0791f7000-7fe079389000 ---p 00000000 00:00 0 
7fe079389000-7fe0793f7000 rw-p 00000000 00:00 0 
7fe0793f7000-7fe079589000 ---p 00000000 00:00 0 
7fe079589000-7fe07978b000 rw-p 00000000 00:00 0 
7fe07978b000-7fe07978c000 ---p 00000000 00:00 0 
7fe07978c000-7fe07988d000 rw-p 00000000 00:00 0 
7fe07988d000-7fe07988e000 ---p 00000000 00:00 0 
7fe07988e000-7fe079994000 rw-p 00000000 00:00 0 
7fe079994000-7fe079a7a000 ---p 00000000 00:00 0 
7fe079a7a000-7fe079a93000 rw-p 00000000 00:00 0 
7fe079a93000-7fe079b65000 ---p 00000000 00:00 0 
7fe079b65000-7fe079b6a000 r-xp 00000000 b3:02 1459958                    /usr/lib/jvm/java-11-openjdk-amd64/lib/libjimage.so
7fe079b6a000-7fe079d69000 ---p 00005000 b3:02 1459958                    /usr/lib/jvm/java-11-openjdk-amd64/lib/libjimage.so
7fe079d69000-7fe079d6a000 r--p 00004000 b3:02 1459958                    /usr/lib/jvm/java-11-openjdk-amd64/lib/libjimage.so
7fe079d6a000-7fe079d6b000 rw-p 00005000 b3:02 1459958                    /usr/lib/jvm/java-11-openjdk-amd64/lib/libjimage.so
7fe079d6b000-7fe079d72000 r-xp 00000000 b3:02 1459975                    /usr/lib/jvm/java-11-openjdk-amd64/lib/libzip.so
7fe079d72000-7fe079f71000 ---p 00007000 b3:02 1459975                    /usr/lib/jvm/java-11-openjdk-amd64/lib/libzip.so
7fe079f71000-7fe079f72000 r--p 00006000 b3:02 1459975                    /usr/lib/jvm/java-11-openjdk-amd64/lib/libzip.so
7fe079f72000-7fe079f73000 rw-p 00007000 b3:02 1459975                    /usr/lib/jvm/java-11-openjdk-amd64/lib/libzip.so
7fe079f73000-7fe079f7e000 r-xp 00000000 b3:02 399049                     /lib/x86_64-linux-gnu/libnss_files-2.27.so
7fe079f7e000-7fe07a17d000 ---p 0000b000 b3:02 399049                     /lib/x86_64-linux-gnu/libnss_files-2.27.so
7fe07a17d000-7fe07a17e000 r--p 0000a000 b3:02 399049                     /lib/x86_64-linux-gnu/libnss_files-2.27.so
7fe07a17e000-7fe07a17f000 rw-p 0000b000 b3:02 399049                     /lib/x86_64-linux-gnu/libnss_files-2.27.so
7fe07a17f000-7fe07a185000 rw-p 00000000 00:00 0 
7fe07a185000-7fe07a19c000 r-xp 00000000 b3:02 399043                     /lib/x86_64-linux-gnu/libnsl-2.27.so
7fe07a19c000-7fe07a39b000 ---p 00017000 b3:02 399043                     /lib/x86_64-linux-gnu/libnsl-2.27.so
7fe07a39b000-7fe07a39c000 r--p 00016000 b3:02 399043                     /lib/x86_64-linux-gnu/libnsl-2.27.so
7fe07a39c000-7fe07a39d000 rw-p 00017000 b3:02 399043                     /lib/x86_64-linux-gnu/libnsl-2.27.so
7fe07a39d000-7fe07a39f000 rw-p 00000000 00:00 0 
7fe07a39f000-7fe07a3aa000 r-xp 00000000 b3:02 399060                     /lib/x86_64-linux-gnu/libnss_nis-2.27.so
7fe07a3aa000-7fe07a5a9000 ---p 0000b000 b3:02 399060                     /lib/x86_64-linux-gnu/libnss_nis-2.27.so
7fe07a5a9000-7fe07a5aa000 r--p 0000a000 b3:02 399060                     /lib/x86_64-linux-gnu/libnss_nis-2.27.so
7fe07a5aa000-7fe07a5ab000 rw-p 0000b000 b3:02 399060                     /lib/x86_64-linux-gnu/libnss_nis-2.27.so
7fe07a5ab000-7fe07a5b3000 r-xp 00000000 b3:02 399045                     /lib/x86_64-linux-gnu/libnss_compat-2.27.so
7fe07a5b3000-7fe07a7b3000 ---p 00008000 b3:02 399045                     /lib/x86_64-linux-gnu/libnss_compat-2.27.so
7fe07a7b3000-7fe07a7b4000 r--p 00008000 b3:02 399045                     /lib/x86_64-linux-gnu/libnss_compat-2.27.so
7fe07a7b4000-7fe07a7b5000 rw-p 00009000 b3:02 399045                     /lib/x86_64-linux-gnu/libnss_compat-2.27.so
7fe07a7b5000-7fe07a7e1000 r-xp 00000000 b3:02 1459954                    /usr/lib/jvm/java-11-openjdk-amd64/lib/libjava.so
7fe07a7e1000-7fe07a9e0000 ---p 0002c000 b3:02 1459954                    /usr/lib/jvm/java-11-openjdk-amd64/lib/libjava.so
7fe07a9e0000-7fe07a9e1000 r--p 0002b000 b3:02 1459954                    /usr/lib/jvm/java-11-openjdk-amd64/lib/libjava.so
7fe07a9e1000-7fe07a9e3000 rw-p 0002c000 b3:02 1459954                    /usr/lib/jvm/java-11-openjdk-amd64/lib/libjava.so
7fe07a9e3000-7fe07a9f0000 r-xp 00000000 b3:02 1459974                    /usr/lib/jvm/java-11-openjdk-amd64/lib/libverify.so
7fe07a9f0000-7fe07abef000 ---p 0000d000 b3:02 1459974                    /usr/lib/jvm/java-11-openjdk-amd64/lib/libverify.so
7fe07abef000-7fe07abf1000 r--p 0000c000 b3:02 1459974                    /usr/lib/jvm/java-11-openjdk-amd64/lib/libverify.so
7fe07abf1000-7fe07abf2000 rw-p 0000e000 b3:02 1459974                    /usr/lib/jvm/java-11-openjdk-amd64/lib/libverify.so
7fe07abf2000-7fe07abf9000 r-xp 00000000 b3:02 399100                     /lib/x86_64-linux-gnu/librt-2.27.so
7fe07abf9000-7fe07adf8000 ---p 00007000 b3:02 399100                     /lib/x86_64-linux-gnu/librt-2.27.so
7fe07adf8000-7fe07adf9000 r--p 00006000 b3:02 399100                     /lib/x86_64-linux-gnu/librt-2.27.so
7fe07adf9000-7fe07adfa000 rw-p 00007000 b3:02 399100                     /lib/x86_64-linux-gnu/librt-2.27.so
7fe07adfa000-7fe07ae11000 r-xp 00000000 b3:02 415930                     /lib/x86_64-linux-gnu/libgcc_s.so.1
7fe07ae11000-7fe07b010000 ---p 00017000 b3:02 415930                     /lib/x86_64-linux-gnu/libgcc_s.so.1
7fe07b010000-7fe07b011000 r--p 00016000 b3:02 415930                     /lib/x86_64-linux-gnu/libgcc_s.so.1
7fe07b011000-7fe07b012000 rw-p 00017000 b3:02 415930                     /lib/x86_64-linux-gnu/libgcc_s.so.1
7fe07b012000-7fe07b1af000 r-xp 00000000 b3:02 399022                     /lib/x86_64-linux-gnu/libm-2.27.so
7fe07b1af000-7fe07b3ae000 ---p 0019d000 b3:02 399022                     /lib/x86_64-linux-gnu/libm-2.27.so
7fe07b3ae000-7fe07b3af000 r--p 0019c000 b3:02 399022                     /lib/x86_64-linux-gnu/libm-2.27.so
7fe07b3af000-7fe07b3b0000 rw-p 0019d000 b3:02 399022                     /lib/x86_64-linux-gnu/libm-2.27.so
7fe07b3b0000-7fe07b529000 r-xp 00000000 b3:02 1443872                    /usr/lib/x86_64-linux-gnu/libstdc++.so.6.0.25
7fe07b529000-7fe07b729000 ---p 00179000 b3:02 1443872                    /usr/lib/x86_64-linux-gnu/libstdc++.so.6.0.25
7fe07b729000-7fe07b733000 r--p 00179000 b3:02 1443872                    /usr/lib/x86_64-linux-gnu/libstdc++.so.6.0.25
7fe07b733000-7fe07b735000 rw-p 00183000 b3:02 1443872                    /usr/lib/x86_64-linux-gnu/libstdc++.so.6.0.25
7fe07b735000-7fe07b739000 rw-p 00000000 00:00 0 
7fe07b739000-7fe07c6d6000 r-xp 00000000 b3:02 920514                     /usr/lib/jvm/java-11-openjdk-amd64/lib/server/libjvm.so
7fe07c6d6000-7fe07c8d6000 ---p 00f9d000 b3:02 920514                     /usr/lib/jvm/java-11-openjdk-amd64/lib/server/libjvm.so
7fe07c8d6000-7fe07c99a000 r--p 00f9d000 b3:02 920514                     /usr/lib/jvm/java-11-openjdk-amd64/lib/server/libjvm.so
7fe07c99a000-7fe07c9d2000 rw-p 01061000 b3:02 920514                     /usr/lib/jvm/java-11-openjdk-amd64/lib/server/libjvm.so
7fe07c9d2000-7fe07ca1b000 rw-p 00000000 00:00 0 
7fe07ca1b000-7fe07ca35000 r-xp 00000000 b3:02 399092                     /lib/x86_64-linux-gnu/libpthread-2.27.so
7fe07ca35000-7fe07cc34000 ---p 0001a000 b3:02 399092                     /lib/x86_64-linux-gnu/libpthread-2.27.so
7fe07cc34000-7fe07cc35000 r--p 00019000 b3:02 399092                     /lib/x86_64-linux-gnu/libpthread-2.27.so
7fe07cc35000-7fe07cc36000 rw-p 0001a000 b3:02 399092                     /lib/x86_64-linux-gnu/libpthread-2.27.so
7fe07cc36000-7fe07cc3a000 rw-p 00000000 00:00 0 
7fe07cc3a000-7fe07cc3d000 r-xp 00000000 b3:02 398982                     /lib/x86_64-linux-gnu/libdl-2.27.so
7fe07cc3d000-7fe07ce3c000 ---p 00003000 b3:02 398982                     /lib/x86_64-linux-gnu/libdl-2.27.so
7fe07ce3c000-7fe07ce3d000 r--p 00002000 b3:02 398982                     /lib/x86_64-linux-gnu/libdl-2.27.so
7fe07ce3d000-7fe07ce3e000 rw-p 00003000 b3:02 398982                     /lib/x86_64-linux-gnu/libdl-2.27.so
7fe07ce3e000-7fe07ce5a000 r-xp 00000000 b3:02 399131                     /lib/x86_64-linux-gnu/libz.so.1.2.11
7fe07ce5a000-7fe07d059000 ---p 0001c000 b3:02 399131                     /lib/x86_64-linux-gnu/libz.so.1.2.11
7fe07d059000-7fe07d05a000 r--p 0001b000 b3:02 399131                     /lib/x86_64-linux-gnu/libz.so.1.2.11
7fe07d05a000-7fe07d05b000 rw-p 0001c000 b3:02 399131                     /lib/x86_64-linux-gnu/libz.so.1.2.11
7fe07d05b000-7fe07d242000 r-xp 00000000 b3:02 398959                     /lib/x86_64-linux-gnu/libc-2.27.so
7fe07d242000-7fe07d442000 ---p 001e7000 b3:02 398959                     /lib/x86_64-linux-gnu/libc-2.27.so
7fe07d442000-7fe07d446000 r--p 001e7000 b3:02 398959                     /lib/x86_64-linux-gnu/libc-2.27.so
7fe07d446000-7fe07d448000 rw-p 001eb000 b3:02 398959                     /lib/x86_64-linux-gnu/libc-2.27.so
7fe07d448000-7fe07d44c000 rw-p 00000000 00:00 0 
7fe07d44c000-7fe07d45b000 r-xp 00000000 b3:02 655592                     /usr/lib/jvm/java-11-openjdk-amd64/lib/jli/libjli.so
7fe07d45b000-7fe07d65a000 ---p 0000f000 b3:02 655592                     /usr/lib/jvm/java-11-openjdk-amd64/lib/jli/libjli.so
7fe07d65a000-7fe07d65b000 r--p 0000e000 b3:02 655592                     /usr/lib/jvm/java-11-openjdk-amd64/lib/jli/libjli.so
7fe07d65b000-7fe07d65c000 rw-p 0000f000 b3:02 655592                     /usr/lib/jvm/java-11-openjdk-amd64/lib/jli/libjli.so
7fe07d65c000-7fe07d683000 r-xp 00000000 b3:02 398931                     /lib/x86_64-linux-gnu/ld-2.27.so
7fe07d69a000-7fe07d69e000 ---p 00000000 00:00 0 
7fe07d69e000-7fe07d757000 rw-p 00000000 00:00 0 
7fe07d757000-7fe07d75b000 ---p 00000000 00:00 0 
7fe07d75b000-7fe07d85a000 rw-p 00000000 00:00 0 
7fe07d86a000-7fe07d870000 rw-p 00000000 00:00 0 
7fe07d870000-7fe07d877000 ---p 00000000 00:00 0 
7fe07d877000-7fe07d87f000 rw-s 00000000 b3:02 792576                     /tmp/hsperfdata_rfulop/6527
7fe07d87f000-7fe07d880000 ---p 00000000 00:00 0 
7fe07d880000-7fe07d881000 r--p 00000000 00:00 0 
7fe07d881000-7fe07d883000 rw-p 00000000 00:00 0 
7fe07d883000-7fe07d884000 r--p 00027000 b3:02 398931                     /lib/x86_64-linux-gnu/ld-2.27.so
7fe07d884000-7fe07d885000 rw-p 00028000 b3:02 398931                     /lib/x86_64-linux-gnu/ld-2.27.so
7fe07d885000-7fe07d886000 rw-p 00000000 00:00 0 
7fff6c18e000-7fff6c1b0000 rw-p 00000000 00:00 0                          [stack]
7fff6c1de000-7fff6c1e1000 r--p 00000000 00:00 0                          [vvar]
7fff6c1e1000-7fff6c1e3000 r-xp 00000000 00:00 0                          [vdso]
ffffffffff600000-ffffffffff601000 r-xp 00000000 00:00 0                  [vsyscall]


VM Arguments:
jvm_args: --add-modules=ALL-SYSTEM --add-opens=java.base/java.util=ALL-UNNAMED --add-opens=java.base/java.lang=ALL-UNNAMED -Declipse.application=org.eclipse.jdt.ls.core.id1 -Dosgi.bundles.defaultStartLevel=4 -Declipse.product=org.eclipse.jdt.ls.core.product -Xverify:none -Xmx1G -XX:+UseG1GC -XX:+UseStringDeduplication 
java_command: /home/rfulop/.vscode/extensions/redhat.java-0.32.0/server/plugins/org.eclipse.equinox.launcher_1.5.200.v20180922-1751.jar -configuration /home/rfulop/.vscode/extensions/redhat.java-0.32.0/server/config_linux -data /home/rfulop/.config/Code/User/workspaceStorage/f411891e0b39e6d1cb114fd9b4229fa7/redhat.java/jdt_ws
java_class_path (initial): /home/rfulop/.vscode/extensions/redhat.java-0.32.0/server/plugins/org.eclipse.equinox.launcher_1.5.200.v20180922-1751.jar
Launcher Type: SUN_STANDARD

Logging:
Log output configuration:
#0: stdout all=warning uptime,level,tags
#1: stderr all=off uptime,level,tags

Environment Variables:
CLASSPATH=:/home/rfulop/xmlcalabash/xmlcalabash-1.1.22-98.jar:/home/rfulop/xspec/java
PATH=/usr/local/apache-maven-3.5.4/bin:/home/rfulop/.local/bin:/usr/local/sbin:/usr/local/bin:/usr/sbin:/usr/bin:/sbin:/bin:/usr/games:/usr/local/games:/snap/bin
USERNAME=rfulop
SHELL=/bin/bash
DISPLAY=:0

Signal Handlers:
SIGSEGV: [libjvm.so+0xd28ad0], sa_mask[0]=11111111011111111101111111111110, sa_flags=SA_RESTART|SA_SIGINFO
SIGBUS: [libjvm.so+0xd28ad0], sa_mask[0]=11111111011111111101111111111110, sa_flags=SA_RESTART|SA_SIGINFO
SIGFPE: [libjvm.so+0xd28ad0], sa_mask[0]=11111111011111111101111111111110, sa_flags=SA_RESTART|SA_SIGINFO
SIGPIPE: [libjvm.so+0xb2a150], sa_mask[0]=11111111011111111101111111111110, sa_flags=SA_RESTART|SA_SIGINFO
SIGXFSZ: [libjvm.so+0xb2a150], sa_mask[0]=11111111011111111101111111111110, sa_flags=SA_RESTART|SA_SIGINFO
SIGILL: [libjvm.so+0xd28ad0], sa_mask[0]=11111111011111111101111111111110, sa_flags=SA_RESTART|SA_SIGINFO
SIGUSR2: [libjvm.so+0xb29f90], sa_mask[0]=00000000000000000000000000000000, sa_flags=SA_RESTART|SA_SIGINFO
SIGHUP: [libjvm.so+0xb2a0e0], sa_mask[0]=11111111011111111101111111111110, sa_flags=SA_RESTART|SA_SIGINFO
SIGINT: [libjvm.so+0xb2a0e0], sa_mask[0]=11111111011111111101111111111110, sa_flags=SA_RESTART|SA_SIGINFO
SIGTERM: [libjvm.so+0xb2a0e0], sa_mask[0]=11111111011111111101111111111110, sa_flags=SA_RESTART|SA_SIGINFO
SIGQUIT: [libjvm.so+0xb2a0e0], sa_mask[0]=11111111011111111101111111111110, sa_flags=SA_RESTART|SA_SIGINFO


---------------  S Y S T E M  ---------------

OS:DISTRIB_ID=Ubuntu
DISTRIB_RELEASE=18.04
DISTRIB_CODENAME=bionic
DISTRIB_DESCRIPTION="Ubuntu 18.04.1 LTS"
uname:Linux 4.15.0-36-generic #39-Ubuntu SMP Mon Sep 24 16:19:09 UTC 2018 x86_64
libc:glibc 2.27 NPTL 2.27 
rlimit: STACK 8192k, CORE 0k, NPROC 7161, NOFILE 4096, AS infinity, DATA infinity, FSIZE infinity
load average:6.15 2.54 1.43

/proc/meminfo:
MemTotal:        1930084 kB
MemFree:           80324 kB
MemAvailable:      60216 kB
Buffers:            3736 kB
Cached:           194496 kB
SwapCached:         1868 kB
Active:          1219592 kB
Inactive:         427244 kB
Active(anon):    1173668 kB
Inactive(anon):   393820 kB
Active(file):      45924 kB
Inactive(file):    33424 kB
Unevictable:         112 kB
Mlocked:             112 kB
SwapTotal:       1299536 kB
SwapFree:              0 kB
Dirty:              1660 kB
Writeback:             0 kB
AnonPages:       1447280 kB
Mapped:            98720 kB
Shmem:            118588 kB
Slab:              81224 kB
SReclaimable:      30052 kB
SUnreclaim:        51172 kB
KernelStack:       13344 kB
PageTables:        59088 kB
NFS_Unstable:          0 kB
Bounce:                0 kB
WritebackTmp:          0 kB
CommitLimit:     2264576 kB
Committed_AS:    9551224 kB
VmallocTotal:   34359738367 kB
VmallocUsed:           0 kB
VmallocChunk:          0 kB
HardwareCorrupted:     0 kB
AnonHugePages:         0 kB
ShmemHugePages:        0 kB
ShmemPmdMapped:        0 kB
CmaTotal:              0 kB
CmaFree:               0 kB
HugePages_Total:       0
HugePages_Free:        0
HugePages_Rsvd:        0
HugePages_Surp:        0
Hugepagesize:       2048 kB
DirectMap4k:      146964 kB
DirectMap2M:     1839104 kB

container (cgroup) information:
container_type: cgroupv1
cpu_cpuset_cpus: 0-1
cpu_memory_nodes: 0
active_processor_count: 2
cpu_quota: -1
cpu_period: 100000
cpu_shares: -1
memory_limit_in_bytes: -1
memory_and_swap_limit_in_bytes: -2
memory_soft_limit_in_bytes: -1
memory_usage_in_bytes: 1685663744
memory_max_usage_in_bytes: 0


CPU:total 2 (initial active 2) (2 cores per cpu, 1 threads per core) family 6 model 55 stepping 8, cmov, cx8, fxsr, mmx, sse, sse2, sse3, ssse3, sse4.1, sse4.2, popcnt, clmul, erms, 3dnowpref, tsc, tscinvbit
CPU Model and flags from /proc/cpuinfo:
model name	: Intel(R) Celeron(R) CPU  N2840  @ 2.16GHz
flags		: fpu vme de pse tsc msr pae mce cx8 apic sep mtrr pge mca cmov pat pse36 clflush dts acpi mmx fxsr sse sse2 ss ht tm pbe syscall nx rdtscp lm constant_tsc arch_perfmon pebs bts rep_good nopl xtopology tsc_reliable nonstop_tsc cpuid aperfmperf tsc_known_freq pni pclmulqdq dtes64 monitor ds_cpl vmx est tm2 ssse3 cx16 xtpr pdcm sse4_1 sse4_2 movbe popcnt tsc_deadline_timer rdrand lahf_lm 3dnowprefetch epb pti tpr_shadow vnmi flexpriority ept vpid tsc_adjust smep erms dtherm ida arat

Memory: 4k page, physical 1930084k(80324k free), swap 1299536k(0k free)

vm_info: OpenJDK 64-Bit Server VM (10.0.2+13-Ubuntu-1ubuntu0.18.04.2) for linux-amd64 JRE (10.0.2+13-Ubuntu-1ubuntu0.18.04.2), built on Aug 24 2018 17:36:24 by "buildd" with gcc 7.3.0

END.
